#
# There is insufficient memory for the Java Runtime Environment to continue.
# Native memory allocation (malloc) failed to allocate 65552 bytes for Chunk::new
# Possible reasons:
#   The system is out of physical RAM or swap space
#   The process is running with CompressedOops enabled, and the Java Heap may be blocking the growth of the native heap
# Possible solutions:
#   Reduce memory load on the system
#   Increase physical memory or swap space
#   Check if swap backing store is full
#   Decrease Java heap size (-Xmx/-Xms)
#   Decrease number of Java threads
#   Decrease Java thread stack sizes (-Xss)
#   Set larger code cache with -XX:ReservedCodeCacheSize=
#   JVM is running with Unscaled Compressed Oops mode in which the Java heap is
#     placed in the first 4GB address space. The Java Heap base address is the
#     maximum limit for the native heap growth. Please use -XX:HeapBaseMinAddress
#     to set the Java Heap base and to place the Java Heap above 4GB virtual address.
# This output file may be truncated or incomplete.
#
#  Out of Memory Error (allocation.cpp:389), pid=30384, tid=0x0000000000004e9c
#
# JRE version: Java(TM) SE Runtime Environment (8.0_271-b09) (build 1.8.0_271-b09)
# Java VM: Java HotSpot(TM) 64-Bit Server VM (25.271-b09 mixed mode windows-amd64 compressed oops)
# Failed to write core dump. Minidumps are not enabled by default on client versions of Windows
#

---------------  T H R E A D  ---------------

Current thread (0x0000029350a23000):  JavaThread "C2 CompilerThread1" daemon [_thread_in_native, id=20124, stack(0x000000fa94200000,0x000000fa94300000)]

Stack: [0x000000fa94200000,0x000000fa94300000]
Native frames: (J=compiled Java code, j=interpreted, Vv=VM code, C=native code)
V  [jvm.dll+0x33f6c9]


Current CompileTask:
C2:   9013 3150       4       org.aspectj.weaver.bcel.BcelWeaver::weave (1170 bytes)


---------------  P R O C E S S  ---------------

Java Threads: ( => current thread )
  0x0000029357dc7000 JavaThread "AsyncHttpClient-1-2" daemon [_thread_in_native, id=23632, stack(0x000000fa95300000,0x000000fa95400000)]
  0x000002935308e800 JavaThread "Keep-Alive-Timer" daemon [_thread_blocked, id=24132, stack(0x000000fa95200000,0x000000fa95300000)]
  0x0000029353090000 JavaThread "Exec Stream Pumper" daemon [_thread_in_native, id=27364, stack(0x000000fa95100000,0x000000fa95200000)]
  0x000002935308f800 JavaThread "Exec Stream Pumper" daemon [_thread_in_native, id=14720, stack(0x000000fa95000000,0x000000fa95100000)]
  0x0000029353091000 JavaThread "UrlChecker-2" daemon [_thread_blocked, id=28388, stack(0x000000fa94f00000,0x000000fa95000000)]
  0x0000029355bca000 JavaThread "ForkJoinPool.commonPool-worker-2" daemon [_thread_blocked, id=27936, stack(0x000000fa94e00000,0x000000fa94f00000)]
  0x0000029351fc9000 JavaThread "Exec Default Executor" daemon [_thread_in_native, id=23676, stack(0x000000fa94d00000,0x000000fa94e00000)]
  0x000002935645d000 JavaThread "netty-client-timer-3-1" daemon [_thread_blocked, id=21072, stack(0x000000fa94c00000,0x000000fa94d00000)]
  0x0000029354077800 JavaThread "AsyncHttpClient-1-1" daemon [_thread_blocked, id=10048, stack(0x000000fa94b00000,0x000000fa94c00000)]
  0x0000029354602800 JavaThread "ForkJoinPool.commonPool-worker-1" daemon [_thread_blocked, id=6948, stack(0x000000fa94a00000,0x000000fa94b00000)]
  0x000002935265c800 JavaThread "/127.0.0.1:59195 to /127.0.0.1:59194 workers Thread 3" [_thread_in_native, id=17180, stack(0x000000fa94900000,0x000000fa94a00000)]
  0x00000293523e9800 JavaThread "/127.0.0.1:59195 to /127.0.0.1:59194 workers Thread 2" [_thread_blocked, id=19120, stack(0x000000fa94800000,0x000000fa94900000)]
  0x00000293527ad000 JavaThread "Forwarding newSession on session null to remote" [_thread_in_vm, id=19960, stack(0x000000fa94700000,0x000000fa94800000)]
  0x0000029351694000 JavaThread "Service Thread" daemon [_thread_blocked, id=22884, stack(0x000000fa94400000,0x000000fa94500000)]
  0x0000029350a4b000 JavaThread "C1 CompilerThread2" daemon [_thread_blocked, id=25312, stack(0x000000fa94300000,0x000000fa94400000)]
=>0x0000029350a23000 JavaThread "C2 CompilerThread1" daemon [_thread_in_native, id=20124, stack(0x000000fa94200000,0x000000fa94300000)]
  0x0000029350a31000 JavaThread "C2 CompilerThread0" daemon [_thread_in_native, id=18236, stack(0x000000fa94100000,0x000000fa94200000)]
  0x00000293509bd000 JavaThread "Attach Listener" daemon [_thread_blocked, id=23680, stack(0x000000fa94000000,0x000000fa94100000)]
  0x00000293509bc000 JavaThread "Signal Dispatcher" daemon [_thread_blocked, id=8912, stack(0x000000fa93f00000,0x000000fa94000000)]
  0x00000293501fb000 JavaThread "Finalizer" daemon [_thread_blocked, id=19924, stack(0x000000fa93e00000,0x000000fa93f00000)]
  0x0000029350926000 JavaThread "Reference Handler" daemon [_thread_blocked, id=28516, stack(0x000000fa93d00000,0x000000fa93e00000)]
  0x000002933d8b5800 JavaThread "main" [_thread_blocked, id=20460, stack(0x000000fa93700000,0x000000fa93800000)]

Other Threads:
  0x0000029350901800 VMThread [stack: 0x000000fa93c00000,0x000000fa93d00000] [id=28548]
  0x0000029351661000 WatcherThread [stack: 0x000000fa94500000,0x000000fa94600000] [id=18872]

VM state:not at safepoint (normal execution)

VM Mutex/Monitor currently owned by a thread: None

heap address: 0x00000000e0000000, size: 512 MB, Compressed Oops mode: 32-bit
Narrow klass base: 0x0000000000000000, Narrow klass shift: 3
Compressed class space size: 1073741824 Address: 0x0000000100000000

Heap:
 PSYoungGen      total 144384K, used 80414K [0x00000000f5580000, 0x0000000100000000, 0x0000000100000000)
  eden space 125440K, 49% used [0x00000000f5580000,0x00000000f918b760,0x00000000fd000000)
  from space 18944K, 99% used [0x00000000fed80000,0x00000000ffffc0a0,0x0000000100000000)
  to   space 24576K, 0% used [0x00000000fd000000,0x00000000fd000000,0x00000000fe800000)
 ParOldGen       total 67072K, used 27546K [0x00000000e0000000, 0x00000000e4180000, 0x00000000f5580000)
  object space 67072K, 41% used [0x00000000e0000000,0x00000000e1ae6bf8,0x00000000e4180000)
 Metaspace       used 33207K, capacity 34779K, committed 34992K, reserved 1079296K
  class space    used 4148K, capacity 4502K, committed 4528K, reserved 1048576K

Card table byte_map: [0x000002934e630000,0x000002934e740000] byte_map_base: 0x000002934df30000

Marking Bits: (ParMarkBitMap*) 0x0000000075667fe0
 Begin Bits: [0x000002934e7f0000, 0x000002934eff0000)
 End Bits:   [0x000002934eff0000, 0x000002934f7f0000)

Polling page: 0x000002933f240000

CodeCache: size=245760Kb used=11977Kb max_used=13296Kb free=233782Kb
 bounds [0x000002933f270000, 0x000002933ff80000, 0x000002934e270000]
 total_blobs=3331 nmethods=2853 adapters=390
 compilation: enabled

Compilation events (10 events):
Event: 8.797 Thread 0x0000029350a31000 nmethod 3155 0x000002933f747d10 code [0x000002933f747e60, 0x000002933f747f08]
Event: 8.808 Thread 0x0000029350a31000 3156       4       org.aspectj.util.GenericSignatureParser::parseClassTypeSignature (279 bytes)
Event: 8.975 Thread 0x0000029350a4b000 3162       3       org.aspectj.weaver.bcel.BcelObjectType::getOuterClass (404 bytes)
Event: 8.977 Thread 0x0000029350a4b000 nmethod 3162 0x000002933ff67ed0 code [0x000002933ff68300, 0x000002933ff6aed0]
Event: 8.978 Thread 0x0000029350a4b000 3163       3       org.aspectj.weaver.AbstractReferenceTypeDelegate::getFormalTypeParametersFromOuterClass (229 bytes)
Event: 8.981 Thread 0x0000029350a4b000 nmethod 3163 0x000002933f75a550 code [0x000002933f75a980, 0x000002933f75d080]
Event: 9.003 Thread 0x0000029350a4b000 3166       3       com.google.common.base.Preconditions::checkNotNull (14 bytes)
Event: 9.004 Thread 0x0000029350a4b000 nmethod 3166 0x000002933f49b490 code [0x000002933f49b600, 0x000002933f49b830]
Event: 9.007 Thread 0x0000029350a4b000 3167       1       com.google.common.collect.ImmutableEntry::getKey (5 bytes)
Event: 9.007 Thread 0x0000029350a4b000 nmethod 3167 0x000002933f3b1490 code [0x000002933f3b15e0, 0x000002933f3b16f8]

GC Heap History (10 events):
Event: 3.515 GC heap before
{Heap before GC invocations=5 (full 0):
 PSYoungGen      total 71680K, used 71680K [0x00000000f5580000, 0x00000000fa080000, 0x0000000100000000)
  eden space 66560K, 100% used [0x00000000f5580000,0x00000000f9680000,0x00000000f9680000)
  from space 5120K, 100% used [0x00000000f9b80000,0x00000000fa080000,0x00000000fa080000)
  to   space 5120K, 0% used [0x00000000f9680000,0x00000000f9680000,0x00000000f9b80000)
 ParOldGen       total 87552K, used 20597K [0x00000000e0000000, 0x00000000e5580000, 0x00000000f5580000)
  object space 87552K, 23% used [0x00000000e0000000,0x00000000e141d6d0,0x00000000e5580000)
 Metaspace       used 20310K, capacity 21162K, committed 21296K, reserved 1069056K
  class space    used 2374K, capacity 2579K, committed 2608K, reserved 1048576K
Event: 3.539 GC heap after
Heap after GC invocations=5 (full 0):
 PSYoungGen      total 71680K, used 5120K [0x00000000f5580000, 0x00000000ff480000, 0x0000000100000000)
  eden space 66560K, 0% used [0x00000000f5580000,0x00000000f5580000,0x00000000f9680000)
  from space 5120K, 100% used [0x00000000f9680000,0x00000000f9b80000,0x00000000f9b80000)
  to   space 14848K, 0% used [0x00000000fe600000,0x00000000fe600000,0x00000000ff480000)
 ParOldGen       total 87552K, used 28268K [0x00000000e0000000, 0x00000000e5580000, 0x00000000f5580000)
  object space 87552K, 32% used [0x00000000e0000000,0x00000000e1b9b060,0x00000000e5580000)
 Metaspace       used 20310K, capacity 21162K, committed 21296K, reserved 1069056K
  class space    used 2374K, capacity 2579K, committed 2608K, reserved 1048576K
}
Event: 3.574 GC heap before
{Heap before GC invocations=6 (full 0):
 PSYoungGen      total 71680K, used 6450K [0x00000000f5580000, 0x00000000ff480000, 0x0000000100000000)
  eden space 66560K, 1% used [0x00000000f5580000,0x00000000f56cc878,0x00000000f9680000)
  from space 5120K, 100% used [0x00000000f9680000,0x00000000f9b80000,0x00000000f9b80000)
  to   space 14848K, 0% used [0x00000000fe600000,0x00000000fe600000,0x00000000ff480000)
 ParOldGen       total 87552K, used 28268K [0x00000000e0000000, 0x00000000e5580000, 0x00000000f5580000)
  object space 87552K, 32% used [0x00000000e0000000,0x00000000e1b9b060,0x00000000e5580000)
 Metaspace       used 20379K, capacity 21277K, committed 21296K, reserved 1069056K
  class space    used 2385K, capacity 2589K, committed 2608K, reserved 1048576K
Event: 3.591 GC heap after
Heap after GC invocations=6 (full 0):
 PSYoungGen      total 147456K, used 5152K [0x00000000f5580000, 0x00000000ff580000, 0x0000000100000000)
  eden space 132608K, 0% used [0x00000000f5580000,0x00000000f5580000,0x00000000fd700000)
  from space 14848K, 34% used [0x00000000fe600000,0x00000000feb08020,0x00000000ff480000)
  to   space 15360K, 0% used [0x00000000fd700000,0x00000000fd700000,0x00000000fe600000)
 ParOldGen       total 87552K, used 28268K [0x00000000e0000000, 0x00000000e5580000, 0x00000000f5580000)
  object space 87552K, 32% used [0x00000000e0000000,0x00000000e1b9b060,0x00000000e5580000)
 Metaspace       used 20379K, capacity 21277K, committed 21296K, reserved 1069056K
  class space    used 2385K, capacity 2589K, committed 2608K, reserved 1048576K
}
Event: 3.591 GC heap before
{Heap before GC invocations=7 (full 1):
 PSYoungGen      total 147456K, used 5152K [0x00000000f5580000, 0x00000000ff580000, 0x0000000100000000)
  eden space 132608K, 0% used [0x00000000f5580000,0x00000000f5580000,0x00000000fd700000)
  from space 14848K, 34% used [0x00000000fe600000,0x00000000feb08020,0x00000000ff480000)
  to   space 15360K, 0% used [0x00000000fd700000,0x00000000fd700000,0x00000000fe600000)
 ParOldGen       total 87552K, used 28268K [0x00000000e0000000, 0x00000000e5580000, 0x00000000f5580000)
  object space 87552K, 32% used [0x00000000e0000000,0x00000000e1b9b060,0x00000000e5580000)
 Metaspace       used 20379K, capacity 21277K, committed 21296K, reserved 1069056K
  class space    used 2385K, capacity 2589K, committed 2608K, reserved 1048576K
Event: 3.683 GC heap after
Heap after GC invocations=7 (full 1):
 PSYoungGen      total 147456K, used 0K [0x00000000f5580000, 0x00000000ff580000, 0x0000000100000000)
  eden space 132608K, 0% used [0x00000000f5580000,0x00000000f5580000,0x00000000fd700000)
  from space 14848K, 0% used [0x00000000fe600000,0x00000000fe600000,0x00000000ff480000)
  to   space 15360K, 0% used [0x00000000fd700000,0x00000000fd700000,0x00000000fe600000)
 ParOldGen       total 67072K, used 17888K [0x00000000e0000000, 0x00000000e4180000, 0x00000000f5580000)
  object space 67072K, 26% used [0x00000000e0000000,0x00000000e1178210,0x00000000e4180000)
 Metaspace       used 20379K, capacity 21277K, committed 21296K, reserved 1069056K
  class space    used 2385K, capacity 2589K, committed 2608K, reserved 1048576K
}
Event: 5.639 GC heap before
{Heap before GC invocations=8 (full 1):
 PSYoungGen      total 147456K, used 132608K [0x00000000f5580000, 0x00000000ff580000, 0x0000000100000000)
  eden space 132608K, 100% used [0x00000000f5580000,0x00000000fd700000,0x00000000fd700000)
  from space 14848K, 0% used [0x00000000fe600000,0x00000000fe600000,0x00000000ff480000)
  to   space 15360K, 0% used [0x00000000fd700000,0x00000000fd700000,0x00000000fe600000)
 ParOldGen       total 67072K, used 17888K [0x00000000e0000000, 0x00000000e4180000, 0x00000000f5580000)
  object space 67072K, 26% used [0x00000000e0000000,0x00000000e1178210,0x00000000e4180000)
 Metaspace       used 25900K, capacity 26981K, committed 27184K, reserved 1073152K
  class space    used 3084K, capacity 3325K, committed 3376K, reserved 1048576K
Event: 5.668 GC heap after
Heap after GC invocations=8 (full 1):
 PSYoungGen      total 147968K, used 15330K [0x00000000f5580000, 0x0000000100000000, 0x0000000100000000)
  eden space 132608K, 0% used [0x00000000f5580000,0x00000000f5580000,0x00000000fd700000)
  from space 15360K, 99% used [0x00000000fd700000,0x00000000fe5f8aa8,0x00000000fe600000)
  to   space 18944K, 0% used [0x00000000fed80000,0x00000000fed80000,0x0000000100000000)
 ParOldGen       total 67072K, used 20219K [0x00000000e0000000, 0x00000000e4180000, 0x00000000f5580000)
  object space 67072K, 30% used [0x00000000e0000000,0x00000000e13bed30,0x00000000e4180000)
 Metaspace       used 25900K, capacity 26981K, committed 27184K, reserved 1073152K
  class space    used 3084K, capacity 3325K, committed 3376K, reserved 1048576K
}
Event: 7.956 GC heap before
{Heap before GC invocations=9 (full 1):
 PSYoungGen      total 147968K, used 147938K [0x00000000f5580000, 0x0000000100000000, 0x0000000100000000)
  eden space 132608K, 100% used [0x00000000f5580000,0x00000000fd700000,0x00000000fd700000)
  from space 15360K, 99% used [0x00000000fd700000,0x00000000fe5f8aa8,0x00000000fe600000)
  to   space 18944K, 0% used [0x00000000fed80000,0x00000000fed80000,0x0000000100000000)
 ParOldGen       total 67072K, used 20219K [0x00000000e0000000, 0x00000000e4180000, 0x00000000f5580000)
  object space 67072K, 30% used [0x00000000e0000000,0x00000000e13bed30,0x00000000e4180000)
 Metaspace       used 31717K, capacity 33183K, committed 33456K, reserved 1079296K
  class space    used 3901K, capacity 4208K, committed 4272K, reserved 1048576K
Event: 7.981 GC heap after
Heap after GC invocations=9 (full 1):
 PSYoungGen      total 144384K, used 18928K [0x00000000f5580000, 0x0000000100000000, 0x0000000100000000)
  eden space 125440K, 0% used [0x00000000f5580000,0x00000000f5580000,0x00000000fd000000)
  from space 18944K, 99% used [0x00000000fed80000,0x00000000ffffc0a0,0x0000000100000000)
  to   space 24576K, 0% used [0x00000000fd000000,0x00000000fd000000,0x00000000fe800000)
 ParOldGen       total 67072K, used 27546K [0x00000000e0000000, 0x00000000e4180000, 0x00000000f5580000)
  object space 67072K, 41% used [0x00000000e0000000,0x00000000e1ae6bf8,0x00000000e4180000)
 Metaspace       used 31717K, capacity 33183K, committed 33456K, reserved 1079296K
  class space    used 3901K, capacity 4208K, committed 4272K, reserved 1048576K
}

Deoptimization events (10 events):
Event: 6.119 Thread 0x00000293527ad000 Uncommon trap: reason=unloaded action=reinterpret pc=0x000002933fbc1c48 method=org.aspectj.apache.bcel.classfile.Attribute.readAttribute(Ljava/io/DataInputStream;Lorg/aspectj/apache/bcel/classfile/ConstantPool;)Lorg/aspectj/apache/bcel/classfile/Attribute
Event: 6.286 Thread 0x00000293527ad000 Uncommon trap: reason=unstable_if action=reinterpret pc=0x000002933f42df54 method=java.lang.String.replace(CC)Ljava/lang/String; @ 2
Event: 6.297 Thread 0x0000029354602800 Uncommon trap: reason=bimorphic action=maybe_recompile pc=0x000002933fdf7104 method=java.net.URL.<init>(Ljava/net/URL;Ljava/lang/String;Ljava/net/URLStreamHandler;)V @ 504
Event: 6.925 Thread 0x00000293527ad000 Uncommon trap: reason=unstable_if action=reinterpret pc=0x000002933fbbc784 method=jdk.internal.org.objectweb.asm.Type.getArgumentsAndReturnSizes(Ljava/lang/String;)I @ 41
Event: 6.989 Thread 0x00000293527ad000 Uncommon trap: reason=unloaded action=reinterpret pc=0x000002933fe354c4 method=org.aspectj.apache.bcel.classfile.Attribute.readAttribute(Ljava/io/DataInputStream;Lorg/aspectj/apache/bcel/classfile/ConstantPool;)Lorg/aspectj/apache/bcel/classfile/Attribute
Event: 7.110 Thread 0x00000293527ad000 Uncommon trap: reason=unstable_if action=reinterpret pc=0x000002933f898858 method=java.util.HashMap$HashIterator.<init>(Ljava/util/HashMap;)V @ 45
Event: 7.256 Thread 0x00000293527ad000 Uncommon trap: reason=class_check action=maybe_recompile pc=0x000002933fd08254 method=java.util.regex.Matcher.search(I)Z @ 86
Event: 7.256 Thread 0x00000293527ad000 Uncommon trap: reason=class_check action=maybe_recompile pc=0x000002933fd08254 method=java.util.regex.Matcher.search(I)Z @ 86
Event: 7.256 Thread 0x00000293527ad000 Uncommon trap: reason=class_check action=maybe_recompile pc=0x000002933fd08254 method=java.util.regex.Matcher.search(I)Z @ 86
Event: 7.256 Thread 0x00000293527ad000 Uncommon trap: reason=class_check action=maybe_recompile pc=0x000002933fd08254 method=java.util.regex.Matcher.search(I)Z @ 86

Classes redefined (0 events):
No events

Internal exceptions (10 events):
Event: 5.128 Thread 0x00000293527ad000 Exception <a 'java/lang/NoSuchMethodError': java.lang.Object.lambda$create$0(Lorg/openqa/selenium/remote/http/HttpClient$Factory;)Z> (0x00000000fa222d08) thrown at [C:\jenkins\workspace\8-2-build-windows-amd64-cygwin\jdk8u271\605\hotspot\src\share\vm\inte
Event: 5.129 Thread 0x00000293527ad000 Exception <a 'java/lang/NoSuchMethodError': java.lang.Object.lambda$create$1(Ljava/lang/String;Lorg/openqa/selenium/remote/http/HttpClient$Factory;)Z> (0x00000000fa226548) thrown at [C:\jenkins\workspace\8-2-build-windows-amd64-cygwin\jdk8u271\605\hotspot
Event: 5.266 Thread 0x00000293527ad000 Exception <a 'java/lang/NoSuchMethodError': java.lang.Object.lambda$static$0(Lorg/asynchttpclient/uri/Uri;)Lorg/asynchttpclient/proxy/ProxyServer;> (0x00000000faeb54f8) thrown at [C:\jenkins\workspace\8-2-build-windows-amd64-cygwin\jdk8u271\605\hotspot\sr
Event: 5.292 Thread 0x00000293527ad000 Exception <a 'java/lang/NoClassDefFoundError': org/apache/logging/log4j/spi/ExtendedLoggerWrapper> (0x00000000fb0adba0) thrown at [C:\jenkins\workspace\8-2-build-windows-amd64-cygwin\jdk8u271\605\hotspot\src\share\vm\classfile\systemDictionary.cpp, line 2
Event: 5.292 Thread 0x00000293527ad000 Exception <a 'java/lang/NoClassDefFoundError'> (0x00000000fb0adba0) thrown at [C:\jenkins\workspace\8-2-build-windows-amd64-cygwin\jdk8u271\605\hotspot\src\share\vm\prims\jvm.cpp, line 1516]
Event: 5.295 Thread 0x00000293527ad000 Exception <a 'java/lang/NoClassDefFoundError': org/apache/log4j/Priority> (0x00000000fb0f4000) thrown at [C:\jenkins\workspace\8-2-build-windows-amd64-cygwin\jdk8u271\605\hotspot\src\share\vm\classfile\systemDictionary.cpp, line 201]
Event: 6.070 Thread 0x00000293527ad000 Exception <a 'java/lang/NoSuchMethodError': java.lang.Object.lambda$andFinally$1(Lorg/openqa/selenium/remote/http/HttpHandler;Lorg/openqa/selenium/remote/http/HttpRequest;)Lorg/openqa/selenium/remote/http/HttpResponse;> (0x00000000f82bf0d0) thrown at [C:\
Event: 6.827 Thread 0x0000029353091000 Exception <a 'java/net/SocketTimeoutException': connect timed out> (0x00000000f9878480) thrown at [C:\jenkins\workspace\8-2-build-windows-amd64-cygwin\jdk8u271\605\hotspot\src\share\vm\prims\jni.cpp, line 737]
Event: 6.902 Thread 0x00000293527ad000 Exception <a 'java/lang/IncompatibleClassChangeError': Found class java.lang.Object, but interface was expected> (0x00000000f9c64010) thrown at [C:\jenkins\workspace\8-2-build-windows-amd64-cygwin\jdk8u271\605\hotspot\src\share\vm\interpreter\linkResolver
Event: 7.010 Thread 0x00000293527ad000 Exception <a 'java/lang/NoSuchMethodError': java.lang.Object.lambda$chars$0()Ljava/util/Spliterator$OfInt;> (0x00000000fa368120) thrown at [C:\jenkins\workspace\8-2-build-windows-amd64-cygwin\jdk8u271\605\hotspot\src\share\vm\interpreter\linkResolver.cpp,

Events (10 events):
Event: 9.004 Thread 0x0000029350a4b000 flushing nmethod 0x000002933f538610
Event: 9.004 Thread 0x0000029350a4b000 flushing nmethod 0x000002933f54af90
Event: 9.004 Thread 0x0000029350a4b000 flushing nmethod 0x000002933f54ba90
Event: 9.004 Thread 0x0000029350a4b000 flushing nmethod 0x000002933f54c150
Event: 9.007 Thread 0x0000029350a4b000 flushing nmethod 0x000002933f567750
Event: 9.007 Thread 0x0000029350a4b000 flushing nmethod 0x000002933f579a90
Event: 9.007 Thread 0x0000029350a4b000 flushing nmethod 0x000002933f5a8910
Event: 9.007 Thread 0x0000029350a4b000 flushing nmethod 0x000002933f5c5c90
Event: 9.008 loading class com/google/common/base/Joiner
Event: 9.008 loading class com/google/common/base/Joiner done


Dynamic libraries:
0x00007ff7b2b70000 - 0x00007ff7b2bb7000 	C:\Program Files\Java\jdk1.8.0_271\bin\java.exe
0x00007ffa8cc30000 - 0x00007ffa8ce25000 	C:\WINDOWS\SYSTEM32\ntdll.dll
0x00007ffa8b670000 - 0x00007ffa8b72d000 	C:\WINDOWS\System32\KERNEL32.DLL
0x00007ffa8a980000 - 0x00007ffa8ac49000 	C:\WINDOWS\System32\KERNELBASE.dll
0x00007ffa8c000000 - 0x00007ffa8c0ac000 	C:\WINDOWS\System32\ADVAPI32.dll
0x00007ffa8c200000 - 0x00007ffa8c29e000 	C:\WINDOWS\System32\msvcrt.dll
0x00007ffa8b250000 - 0x00007ffa8b2eb000 	C:\WINDOWS\System32\sechost.dll
0x00007ffa8cab0000 - 0x00007ffa8cbda000 	C:\WINDOWS\System32\RPCRT4.dll
0x00007ffa8b450000 - 0x00007ffa8b5f0000 	C:\WINDOWS\System32\USER32.dll
0x00007ffa8a700000 - 0x00007ffa8a722000 	C:\WINDOWS\System32\win32u.dll
0x00007ffa8c0b0000 - 0x00007ffa8c0da000 	C:\WINDOWS\System32\GDI32.dll
0x00007ffa8a870000 - 0x00007ffa8a97b000 	C:\WINDOWS\System32\gdi32full.dll
0x00007ffa8a500000 - 0x00007ffa8a59d000 	C:\WINDOWS\System32\msvcp_win.dll
0x00007ffa8a5a0000 - 0x00007ffa8a6a0000 	C:\WINDOWS\System32\ucrtbase.dll
0x00007ffa89730000 - 0x00007ffa899ca000 	C:\WINDOWS\WinSxS\amd64_microsoft.windows.common-controls_6595b64144ccf1df_6.0.19041.1110_none_60b5254171f9507e\COMCTL32.dll
0x00007ffa8c1d0000 - 0x00007ffa8c200000 	C:\WINDOWS\System32\IMM32.DLL
0x00007ffa6f790000 - 0x00007ffa6f7a5000 	C:\Program Files\Java\jdk1.8.0_271\jre\bin\vcruntime140.dll
0x00007ffa48960000 - 0x00007ffa489fb000 	C:\Program Files\Java\jdk1.8.0_271\jre\bin\msvcp140.dll
0x0000000074e70000 - 0x00000000756df000 	C:\Program Files\Java\jdk1.8.0_271\jre\bin\server\jvm.dll
0x00007ffa8b5f0000 - 0x00007ffa8b5f8000 	C:\WINDOWS\System32\PSAPI.DLL
0x00007ffa81670000 - 0x00007ffa81697000 	C:\WINDOWS\SYSTEM32\WINMM.dll
0x00007ffa83520000 - 0x00007ffa8352a000 	C:\WINDOWS\SYSTEM32\VERSION.dll
0x00007ffa886f0000 - 0x00007ffa886f9000 	C:\WINDOWS\SYSTEM32\WSOCK32.dll
0x00007ffa8c0e0000 - 0x00007ffa8c14b000 	C:\WINDOWS\System32\WS2_32.dll
0x00007ffa87530000 - 0x00007ffa87542000 	C:\WINDOWS\SYSTEM32\kernel.appcore.dll
0x00007ffa7cf70000 - 0x00007ffa7cf80000 	C:\Program Files\Java\jdk1.8.0_271\jre\bin\verify.dll
0x00007ffa694e0000 - 0x00007ffa6950b000 	C:\Program Files\Java\jdk1.8.0_271\jre\bin\java.dll
0x00007ffa80200000 - 0x00007ffa80230000 	C:\Program Files\Java\jdk1.8.0_271\jre\bin\instrument.dll
0x00007ffa68ee0000 - 0x00007ffa68ef8000 	C:\Program Files\Java\jdk1.8.0_271\jre\bin\zip.dll
0x00007ffa8c370000 - 0x00007ffa8caaf000 	C:\WINDOWS\System32\SHELL32.dll
0x00007ffa877f0000 - 0x00007ffa87f81000 	C:\WINDOWS\SYSTEM32\windows.storage.dll
0x00007ffa8bc40000 - 0x00007ffa8bf95000 	C:\WINDOWS\System32\combase.dll
0x00007ffa89690000 - 0x00007ffa896bc000 	C:\WINDOWS\SYSTEM32\Wldp.dll
0x00007ffa8b730000 - 0x00007ffa8b7de000 	C:\WINDOWS\System32\SHCORE.dll
0x00007ffa8bfa0000 - 0x00007ffa8bff5000 	C:\WINDOWS\System32\shlwapi.dll
0x00007ffa8a2b0000 - 0x00007ffa8a2cf000 	C:\WINDOWS\SYSTEM32\profapi.dll
0x00007ffa660d0000 - 0x00007ffa660ec000 	C:\Program Files\Java\jdk1.8.0_271\jre\bin\net.dll
0x00007ffa893e0000 - 0x00007ffa8944a000 	C:\WINDOWS\system32\mswsock.dll
0x00007ffa660b0000 - 0x00007ffa660c3000 	C:\Program Files\Java\jdk1.8.0_271\jre\bin\nio.dll
0x00007ffa8a030000 - 0x00007ffa8a048000 	C:\WINDOWS\SYSTEM32\CRYPTSP.dll
0x00007ffa88db0000 - 0x00007ffa88de4000 	C:\WINDOWS\system32\rsaenh.dll
0x00007ffa8a4d0000 - 0x00007ffa8a4f7000 	C:\WINDOWS\System32\bcrypt.dll
0x00007ffa8a220000 - 0x00007ffa8a24e000 	C:\WINDOWS\SYSTEM32\USERENV.dll
0x00007ffa8a7e0000 - 0x00007ffa8a863000 	C:\WINDOWS\System32\bcryptprimitives.dll
0x00007ffa89680000 - 0x00007ffa8968c000 	C:\WINDOWS\SYSTEM32\CRYPTBASE.dll
0x00007ffa890e0000 - 0x00007ffa8911b000 	C:\WINDOWS\SYSTEM32\IPHLPAPI.DLL
0x00007ffa8cbe0000 - 0x00007ffa8cbe8000 	C:\WINDOWS\System32\NSI.dll
0x00007ffa83190000 - 0x00007ffa831a7000 	C:\WINDOWS\SYSTEM32\dhcpcsvc6.DLL
0x00007ffa83610000 - 0x00007ffa8362d000 	C:\WINDOWS\SYSTEM32\dhcpcsvc.DLL
0x00007ffa89120000 - 0x00007ffa891ec000 	C:\WINDOWS\SYSTEM32\DNSAPI.dll
0x00007ffa7ac50000 - 0x00007ffa7ac74000 	C:\Program Files\Java\jdk1.8.0_271\jre\bin\sunec.dll
0x00007ffa7e290000 - 0x00007ffa7e29a000 	C:\Windows\System32\rasadhlp.dll
0x00007ffa7e770000 - 0x00007ffa7e7ef000 	C:\WINDOWS\System32\fwpuclnt.dll
0x00007ffa7cdb0000 - 0x00007ffa7cdbd000 	C:\Program Files\Java\jdk1.8.0_271\jre\bin\management.dll
0x00007ffa78cb0000 - 0x00007ffa78cc7000 	C:\WINDOWS\system32\napinsp.dll
0x00007ffa78c90000 - 0x00007ffa78cab000 	C:\WINDOWS\system32\pnrpnsp.dll
0x00007ffa78c70000 - 0x00007ffa78c85000 	C:\WINDOWS\system32\wshbth.dll
0x00007ffa85230000 - 0x00007ffa8524d000 	C:\WINDOWS\system32\NLAapi.dll
0x00007ffa78c50000 - 0x00007ffa78c62000 	C:\WINDOWS\System32\winrnr.dll

VM Arguments:
jvm_args: -Dallure.results.directory=C:\Users\Misi\Desktop\Masterwork\Masterwork\test-automation-masterwork\ReiszMihalyMasterwork\build\allure-results -Djava.security.manager=worker.org.gradle.process.internal.worker.child.BootstrapSecurityManager -Dorg.gradle.native=false -javaagent:C:\Users\Misi\.gradle\caches\modules-2\files-2.1\org.aspectj\aspectjweaver\1.8.10\e198c5fee28988c355f74e06461614eae36b2032\aspectjweaver-1.8.10.jar -Xmx512m -Dfile.encoding=windows-1252 -Duser.country=US -Duser.language=en -Duser.variant -ea 
java_command: worker.org.gradle.process.internal.worker.GradleWorkerMain 'Gradle Test Executor 1'
java_class_path (initial): C:\Users\Misi\.gradle\caches\6.3\workerMain\gradle-worker.jar;C:\Users\Misi\.gradle\caches\modules-2\files-2.1\org.aspectj\aspectjweaver\1.8.10\e198c5fee28988c355f74e06461614eae36b2032\aspectjweaver-1.8.10.jar
Launcher Type: SUN_STANDARD

Environment Variables:
JAVA_HOME=C:\Program Files\Java\jdk1.8.0_271
PATH=C:\Program Files (x86)\Common Files\Oracle\Java\javapath;C:\WINDOWS\system32;C:\WINDOWS;C:\WINDOWS\System32\Wbem;"C:\WINDOWS\System32\WindowsPowerShell\v1.0\;C:\Cygwin\bin";C:\WINDOWS\System32\OpenSSH\;C:\Program Files (x86)\ATI Technologies\ATI.ACE\Core-Static;C:\Program Files\Git\cmd;C:\Cygwin\bin;C:\Program Files\MySQL\MySQL Shell 8.0\bin\;C:\Program Files (x86)\Common Files\Oracle\Java\javapath;C:\WINDOWS\system32;C:\WINDOWS;C:\WINDOWS\System32\Wbem;C:\WINDOWS\System32\WindowsPowerShell\v1.0\;C:\Cygwin\bin;C:\WINDOWS\System32\OpenSSH\;C:\Program Files (x86)\ATI Technologies\ATI.ACE\Core-Static;C:\Program Files\Git\cmd;C:\Cygwin\bin;C:\Users\Misi\AppData\Local\Microsoft\WindowsApps;;C:\Users\Misi\AppData\Local\Programs\Microsoft VS Code\bin;C:\Program Files\Java\jdk1.8.0_271\bin;
USERNAME=Misi
OS=Windows_NT
PROCESSOR_IDENTIFIER=Intel64 Family 6 Model 42 Stepping 7, GenuineIntel



---------------  S Y S T E M  ---------------

OS: Windows 10.0 , 64 bit Build 19041 (10.0.19041.1023)

CPU:total 4 (initial active 4) (2 cores per cpu, 2 threads per core) family 6 model 42 stepping 7, cmov, cx8, fxsr, mmx, sse, sse2, sse3, ssse3, sse4.1, sse4.2, popcnt, avx, clmul, ht, tsc, tscinvbit

Memory: 4k page, physical 8370476k(473196k free), swap 33536300k(4132k free)

vm_info: Java HotSpot(TM) 64-Bit Server VM (25.271-b09) for windows-amd64 JRE (1.8.0_271-b09), built on Sep 16 2020 19:14:59 by "" with MS VC++ 15.9 (VS2017)

time: Thu Aug  5 01:10:30 2021
timezone: Central Europe Daylight Time
elapsed time: 9.021928 seconds (0d 0h 0m 9s)

