#
# There is insufficient memory for the Java Runtime Environment to continue.
# Native memory allocation (malloc) failed to allocate 1856304 bytes for Chunk::new
# Possible reasons:
#   The system is out of physical RAM or swap space
#   The process is running with CompressedOops enabled, and the Java Heap may be blocking the growth of the native heap
# Possible solutions:
#   Reduce memory load on the system
#   Increase physical memory or swap space
#   Check if swap backing store is full
#   Decrease Java heap size (-Xmx/-Xms)
#   Decrease number of Java threads
#   Decrease Java thread stack sizes (-Xss)
#   Set larger code cache with -XX:ReservedCodeCacheSize=
#   JVM is running with Unscaled Compressed Oops mode in which the Java heap is
#     placed in the first 4GB address space. The Java Heap base address is the
#     maximum limit for the native heap growth. Please use -XX:HeapBaseMinAddress
#     to set the Java Heap base and to place the Java Heap above 4GB virtual address.
# This output file may be truncated or incomplete.
#
#  Out of Memory Error (allocation.cpp:389), pid=6284, tid=0x0000000000004740
#
# JRE version: Java(TM) SE Runtime Environment (8.0_271-b09) (build 1.8.0_271-b09)
# Java VM: Java HotSpot(TM) 64-Bit Server VM (25.271-b09 mixed mode windows-amd64 compressed oops)
# Failed to write core dump. Minidumps are not enabled by default on client versions of Windows
#

---------------  T H R E A D  ---------------

Current thread (0x000001fe67ced000):  JavaThread "C2 CompilerThread0" daemon [_thread_in_native, id=18240, stack(0x00000015e4300000,0x00000015e4400000)]

Stack: [0x00000015e4300000,0x00000015e4400000]
Native frames: (J=compiled Java code, j=interpreted, Vv=VM code, C=native code)
V  [jvm.dll+0x33f6c9]
V  [jvm.dll+0x286122]
V  [jvm.dll+0x286dcd]
V  [jvm.dll+0x27d805]
V  [jvm.dll+0xe574c]
V  [jvm.dll+0xe5f4c]
V  [jvm.dll+0x480095]
V  [jvm.dll+0x447de8]
V  [jvm.dll+0x450c25]
V  [jvm.dll+0x44ffe5]
V  [jvm.dll+0x43aef7]
V  [jvm.dll+0xbc3eb]
V  [jvm.dll+0xbaa4b]
V  [jvm.dll+0x24e7c2]
V  [jvm.dll+0x2a2dcc]
C  [ucrtbase.dll+0x21bb2]
C  [KERNEL32.DLL+0x17034]
C  [ntdll.dll+0x52651]


Current CompileTask:
C2:  13763 3151       4       org.aspectj.weaver.bcel.LazyClassGen::<init> (517 bytes)


---------------  P R O C E S S  ---------------

Java Threads: ( => current thread )
  0x000001fe69feb800 JavaThread "AsyncHttpClient-1-4" daemon [_thread_in_native, id=20244, stack(0x00000015e5800000,0x00000015e5900000)]
  0x000001fe69feb000 JavaThread "AsyncHttpClient-1-3" daemon [_thread_in_native, id=29892, stack(0x00000015e5700000,0x00000015e5800000)]
  0x000001fe69fee000 JavaThread "AsyncHttpClient-1-2" daemon [_thread_in_native, id=2572, stack(0x00000015e5600000,0x00000015e5700000)]
  0x000001fe69ff0000 JavaThread "Exec Stream Pumper" daemon [_thread_in_native, id=28044, stack(0x00000015e5400000,0x00000015e5500000)]
  0x000001fe69fed000 JavaThread "Exec Stream Pumper" daemon [_thread_in_native, id=30376, stack(0x00000015e5300000,0x00000015e5400000)]
  0x000001fe6c1cf800 JavaThread "UrlChecker-2" daemon [_thread_blocked, id=11708, stack(0x00000015e5200000,0x00000015e5300000)]
  0x000001fe6c958000 JavaThread "ForkJoinPool.commonPool-worker-3" daemon [_thread_blocked, id=30228, stack(0x00000015e5100000,0x00000015e5200000)]
  0x000001fe6b33e800 JavaThread "ForkJoinPool.commonPool-worker-2" daemon [_thread_blocked, id=14636, stack(0x00000015e5000000,0x00000015e5100000)]
  0x000001fe6b9af000 JavaThread "Exec Default Executor" daemon [_thread_in_native, id=30100, stack(0x00000015e4f00000,0x00000015e5000000)]
  0x000001fe69b88000 JavaThread "netty-client-timer-3-1" daemon [_thread_blocked, id=24092, stack(0x00000015e4e00000,0x00000015e4f00000)]
  0x000001fe69b8b000 JavaThread "AsyncHttpClient-1-1" daemon [_thread_blocked, id=19644, stack(0x00000015e4d00000,0x00000015e4e00000)]
  0x000001fe6bccd800 JavaThread "ForkJoinPool.commonPool-worker-1" daemon [_thread_blocked, id=29524, stack(0x00000015e4c00000,0x00000015e4d00000)]
  0x000001fe69606000 JavaThread "/127.0.0.1:60424 to /127.0.0.1:60423 workers Thread 3" [_thread_in_native, id=21872, stack(0x00000015e4b00000,0x00000015e4c00000)]
  0x000001fe695ef000 JavaThread "/127.0.0.1:60424 to /127.0.0.1:60423 workers Thread 2" [_thread_blocked, id=5244, stack(0x00000015e4a00000,0x00000015e4b00000)]
  0x000001fe697a6800 JavaThread "Forwarding get on session 78258f00bdbc9144258b7957aa92c179 to remote" [_thread_blocked, id=25100, stack(0x00000015e4900000,0x00000015e4a00000)]
  0x000001fe67d1a000 JavaThread "Service Thread" daemon [_thread_blocked, id=9648, stack(0x00000015e4600000,0x00000015e4700000)]
  0x000001fe67cdd800 JavaThread "C1 CompilerThread2" daemon [_thread_blocked, id=28144, stack(0x00000015e4500000,0x00000015e4600000)]
  0x000001fe67cdd000 JavaThread "C2 CompilerThread1" daemon [_thread_in_native, id=27992, stack(0x00000015e4400000,0x00000015e4500000)]
=>0x000001fe67ced000 JavaThread "C2 CompilerThread0" daemon [_thread_in_native, id=18240, stack(0x00000015e4300000,0x00000015e4400000)]
  0x000001fe67c79800 JavaThread "Attach Listener" daemon [_thread_blocked, id=7144, stack(0x00000015e4200000,0x00000015e4300000)]
  0x000001fe67c78800 JavaThread "Signal Dispatcher" daemon [_thread_blocked, id=28696, stack(0x00000015e4100000,0x00000015e4200000)]
  0x000001fe674a9800 JavaThread "Finalizer" daemon [_thread_blocked, id=8332, stack(0x00000015e4000000,0x00000015e4100000)]
  0x000001fe67be6000 JavaThread "Reference Handler" daemon [_thread_blocked, id=27896, stack(0x00000015e3f00000,0x00000015e4000000)]
  0x000001fe54c77000 JavaThread "main" [_thread_blocked, id=24640, stack(0x00000015e3900000,0x00000015e3a00000)]

Other Threads:
  0x000001fe67bc3800 VMThread [stack: 0x00000015e3e00000,0x00000015e3f00000] [id=19392]
  0x000001fe67d1d800 WatcherThread [stack: 0x00000015e4700000,0x00000015e4800000] [id=24232]

VM state:not at safepoint (normal execution)

VM Mutex/Monitor currently owned by a thread: None

heap address: 0x00000000e0000000, size: 512 MB, Compressed Oops mode: 32-bit
Narrow klass base: 0x0000000000000000, Narrow klass shift: 3
Compressed class space size: 1073741824 Address: 0x0000000100000000

Heap:
 PSYoungGen      total 150528K, used 17371K [0x00000000f5580000, 0x0000000100000000, 0x0000000100000000)
  eden space 126464K, 13% used [0x00000000f5580000,0x00000000f6676dd0,0x00000000fd100000)
  from space 24064K, 0% used [0x00000000fd100000,0x00000000fd100000,0x00000000fe880000)
  to   space 24064K, 0% used [0x00000000fe880000,0x00000000fe880000,0x0000000100000000)
 ParOldGen       total 70656K, used 60547K [0x00000000e0000000, 0x00000000e4500000, 0x00000000f5580000)
  object space 70656K, 85% used [0x00000000e0000000,0x00000000e3b20cf0,0x00000000e4500000)
 Metaspace       used 34087K, capacity 35686K, committed 35752K, reserved 1081344K
  class space    used 4274K, capacity 4611K, committed 4656K, reserved 1048576K

Card table byte_map: [0x000001fe659a0000,0x000001fe65ab0000] byte_map_base: 0x000001fe652a0000

Marking Bits: (ParMarkBitMap*) 0x0000000075667fe0
 Begin Bits: [0x000001fe65ab0000, 0x000001fe662b0000)
 End Bits:   [0x000001fe662b0000, 0x000001fe66ab0000)

Polling page: 0x000001fe54c00000

CodeCache: size=245760Kb used=10379Kb max_used=13290Kb free=235380Kb
 bounds [0x000001fe565e0000, 0x000001fe572f0000, 0x000001fe655e0000]
 total_blobs=3238 nmethods=2741 adapters=409
 compilation: enabled

Compilation events (10 events):
Event: 13.445 Thread 0x000001fe67cdd800 3266       2       java.lang.StringBuilder::append (6 bytes)
Event: 13.445 Thread 0x000001fe67cdd800 nmethod 3266 0x000001fe5691e690 code [0x000001fe5691e800, 0x000001fe5691e990]
Event: 13.445 Thread 0x000001fe67cdd800 3267       2       java.util.stream.ReferencePipeline$2::opWrapSink (10 bytes)
Event: 13.446 Thread 0x000001fe67cdd800 nmethod 3267 0x000001fe56bb9d10 code [0x000001fe56bb9e80, 0x000001fe56bba110]
Event: 13.446 Thread 0x000001fe67cdd800 3268       2       java.util.stream.ReferencePipeline$2$1::<init> (11 bytes)
Event: 13.446 Thread 0x000001fe67cdd800 nmethod 3268 0x000001fe56ef0c50 code [0x000001fe56ef0dc0, 0x000001fe56ef0ff0]
Event: 13.456 Thread 0x000001fe67cdd800 3270       2       io.netty.buffer.LongPriorityQueue::isEmpty (13 bytes)
Event: 13.456 Thread 0x000001fe67cdd800 nmethod 3270 0x000001fe56ef08d0 code [0x000001fe56ef0a20, 0x000001fe56ef0b98]
Event: 13.456 Thread 0x000001fe67cdd800 3271       1       io.netty.util.concurrent.FastThreadLocalThread::threadLocalMap (5 bytes)
Event: 13.456 Thread 0x000001fe67cdd800 nmethod 3271 0x000001fe56bb9a10 code [0x000001fe56bb9b60, 0x000001fe56bb9c78]

GC Heap History (10 events):
Event: 4.271 GC heap before
{Heap before GC invocations=7 (full 1):
 PSYoungGen      total 147456K, used 5439K [0x00000000f5580000, 0x00000000ff580000, 0x0000000100000000)
  eden space 132608K, 0% used [0x00000000f5580000,0x00000000f5580000,0x00000000fd700000)
  from space 14848K, 36% used [0x00000000fe600000,0x00000000feb4feb0,0x00000000ff480000)
  to   space 15360K, 0% used [0x00000000fd700000,0x00000000fd700000,0x00000000fe600000)
 ParOldGen       total 87552K, used 28035K [0x00000000e0000000, 0x00000000e5580000, 0x00000000f5580000)
  object space 87552K, 32% used [0x00000000e0000000,0x00000000e1b60c98,0x00000000e5580000)
 Metaspace       used 20452K, capacity 21272K, committed 21296K, reserved 1069056K
  class space    used 2401K, capacity 2602K, committed 2608K, reserved 1048576K
Event: 4.359 GC heap after
Heap after GC invocations=7 (full 1):
 PSYoungGen      total 147456K, used 0K [0x00000000f5580000, 0x00000000ff580000, 0x0000000100000000)
  eden space 132608K, 0% used [0x00000000f5580000,0x00000000f5580000,0x00000000fd700000)
  from space 14848K, 0% used [0x00000000fe600000,0x00000000fe600000,0x00000000ff480000)
  to   space 15360K, 0% used [0x00000000fd700000,0x00000000fd700000,0x00000000fe600000)
 ParOldGen       total 70656K, used 18056K [0x00000000e0000000, 0x00000000e4500000, 0x00000000f5580000)
  object space 70656K, 25% used [0x00000000e0000000,0x00000000e11a20b8,0x00000000e4500000)
 Metaspace       used 20452K, capacity 21272K, committed 21296K, reserved 1069056K
  class space    used 2401K, capacity 2602K, committed 2608K, reserved 1048576K
}
Event: 6.511 GC heap before
{Heap before GC invocations=8 (full 1):
 PSYoungGen      total 147456K, used 132608K [0x00000000f5580000, 0x00000000ff580000, 0x0000000100000000)
  eden space 132608K, 100% used [0x00000000f5580000,0x00000000fd700000,0x00000000fd700000)
  from space 14848K, 0% used [0x00000000fe600000,0x00000000fe600000,0x00000000ff480000)
  to   space 15360K, 0% used [0x00000000fd700000,0x00000000fd700000,0x00000000fe600000)
 ParOldGen       total 70656K, used 18056K [0x00000000e0000000, 0x00000000e4500000, 0x00000000f5580000)
  object space 70656K, 25% used [0x00000000e0000000,0x00000000e11a20b8,0x00000000e4500000)
 Metaspace       used 25936K, capacity 26986K, committed 27184K, reserved 1073152K
  class space    used 3088K, capacity 3325K, committed 3376K, reserved 1048576K
Event: 6.533 GC heap after
Heap after GC invocations=8 (full 1):
 PSYoungGen      total 147968K, used 15335K [0x00000000f5580000, 0x0000000100000000, 0x0000000100000000)
  eden space 132608K, 0% used [0x00000000f5580000,0x00000000f5580000,0x00000000fd700000)
  from space 15360K, 99% used [0x00000000fd700000,0x00000000fe5f9d48,0x00000000fe600000)
  to   space 18432K, 0% used [0x00000000fee00000,0x00000000fee00000,0x0000000100000000)
 ParOldGen       total 70656K, used 19979K [0x00000000e0000000, 0x00000000e4500000, 0x00000000f5580000)
  object space 70656K, 28% used [0x00000000e0000000,0x00000000e1382ef8,0x00000000e4500000)
 Metaspace       used 25936K, capacity 26986K, committed 27184K, reserved 1073152K
  class space    used 3088K, capacity 3325K, committed 3376K, reserved 1048576K
}
Event: 9.744 GC heap before
{Heap before GC invocations=9 (full 1):
 PSYoungGen      total 147968K, used 147943K [0x00000000f5580000, 0x0000000100000000, 0x0000000100000000)
  eden space 132608K, 100% used [0x00000000f5580000,0x00000000fd700000,0x00000000fd700000)
  from space 15360K, 99% used [0x00000000fd700000,0x00000000fe5f9d48,0x00000000fe600000)
  to   space 18432K, 0% used [0x00000000fee00000,0x00000000fee00000,0x0000000100000000)
 ParOldGen       total 70656K, used 19979K [0x00000000e0000000, 0x00000000e4500000, 0x00000000f5580000)
  object space 70656K, 28% used [0x00000000e0000000,0x00000000e1382ef8,0x00000000e4500000)
 Metaspace       used 31764K, capacity 33320K, committed 33456K, reserved 1079296K
  class space    used 3909K, capacity 4272K, committed 4272K, reserved 1048576K
Event: 9.774 GC heap after
Heap after GC invocations=9 (full 1):
 PSYoungGen      total 144896K, used 18400K [0x00000000f5580000, 0x0000000100000000, 0x0000000100000000)
  eden space 126464K, 0% used [0x00000000f5580000,0x00000000f5580000,0x00000000fd100000)
  from space 18432K, 99% used [0x00000000fee00000,0x00000000ffff80a0,0x0000000100000000)
  to   space 24064K, 0% used [0x00000000fd100000,0x00000000fd100000,0x00000000fe880000)
 ParOldGen       total 70656K, used 27434K [0x00000000e0000000, 0x00000000e4500000, 0x00000000f5580000)
  object space 70656K, 38% used [0x00000000e0000000,0x00000000e1aca888,0x00000000e4500000)
 Metaspace       used 31764K, capacity 33320K, committed 33456K, reserved 1079296K
  class space    used 3909K, capacity 4272K, committed 4272K, reserved 1048576K
}
Event: 12.745 GC heap before
{Heap before GC invocations=10 (full 1):
 PSYoungGen      total 144896K, used 95670K [0x00000000f5580000, 0x0000000100000000, 0x0000000100000000)
  eden space 126464K, 61% used [0x00000000f5580000,0x00000000fa0f57d0,0x00000000fd100000)
  from space 18432K, 99% used [0x00000000fee00000,0x00000000ffff80a0,0x0000000100000000)
  to   space 24064K, 0% used [0x00000000fd100000,0x00000000fd100000,0x00000000fe880000)
 ParOldGen       total 70656K, used 27434K [0x00000000e0000000, 0x00000000e4500000, 0x00000000f5580000)
  object space 70656K, 38% used [0x00000000e0000000,0x00000000e1aca888,0x00000000e4500000)
 Metaspace       used 33773K, capacity 35348K, committed 35496K, reserved 1081344K
  class space    used 4225K, capacity 4566K, committed 4656K, reserved 1048576K
Event: 12.820 GC heap after
Heap after GC invocations=10 (full 1):
 PSYoungGen      total 150528K, used 24052K [0x00000000f5580000, 0x0000000100000000, 0x0000000100000000)
  eden space 126464K, 0% used [0x00000000f5580000,0x00000000f5580000,0x00000000fd100000)
  from space 24064K, 99% used [0x00000000fd100000,0x00000000fe87d070,0x00000000fe880000)
  to   space 24064K, 0% used [0x00000000fe880000,0x00000000fe880000,0x0000000100000000)
 ParOldGen       total 70656K, used 51573K [0x00000000e0000000, 0x00000000e4500000, 0x00000000f5580000)
  object space 70656K, 72% used [0x00000000e0000000,0x00000000e325d4d0,0x00000000e4500000)
 Metaspace       used 33773K, capacity 35348K, committed 35496K, reserved 1081344K
  class space    used 4225K, capacity 4566K, committed 4656K, reserved 1048576K
}
Event: 12.820 GC heap before
{Heap before GC invocations=11 (full 2):
 PSYoungGen      total 150528K, used 24052K [0x00000000f5580000, 0x0000000100000000, 0x0000000100000000)
  eden space 126464K, 0% used [0x00000000f5580000,0x00000000f5580000,0x00000000fd100000)
  from space 24064K, 99% used [0x00000000fd100000,0x00000000fe87d070,0x00000000fe880000)
  to   space 24064K, 0% used [0x00000000fe880000,0x00000000fe880000,0x0000000100000000)
 ParOldGen       total 70656K, used 51573K [0x00000000e0000000, 0x00000000e4500000, 0x00000000f5580000)
  object space 70656K, 72% used [0x00000000e0000000,0x00000000e325d4d0,0x00000000e4500000)
 Metaspace       used 33773K, capacity 35348K, committed 35496K, reserved 1081344K
  class space    used 4225K, capacity 4566K, committed 4656K, reserved 1048576K
Event: 13.013 GC heap after
Heap after GC invocations=11 (full 2):
 PSYoungGen      total 150528K, used 0K [0x00000000f5580000, 0x0000000100000000, 0x0000000100000000)
  eden space 126464K, 0% used [0x00000000f5580000,0x00000000f5580000,0x00000000fd100000)
  from space 24064K, 0% used [0x00000000fd100000,0x00000000fd100000,0x00000000fe880000)
  to   space 24064K, 0% used [0x00000000fe880000,0x00000000fe880000,0x0000000100000000)
 ParOldGen       total 70656K, used 60547K [0x00000000e0000000, 0x00000000e4500000, 0x00000000f5580000)
  object space 70656K, 85% used [0x00000000e0000000,0x00000000e3b20cf0,0x00000000e4500000)
 Metaspace       used 33773K, capacity 35348K, committed 35496K, reserved 1081344K
  class space    used 4225K, capacity 4566K, committed 4656K, reserved 1048576K
}

Deoptimization events (10 events):
Event: 7.219 Thread 0x000001fe6bccd800 Uncommon trap: reason=bimorphic action=maybe_recompile pc=0x000001fe5717105c method=java.net.URL.<init>(Ljava/net/URL;Ljava/lang/String;Ljava/net/URLStreamHandler;)V @ 504
Event: 8.525 Thread 0x000001fe697a6800 Uncommon trap: reason=unstable_if action=reinterpret pc=0x000001fe56ee7344 method=jdk.internal.org.objectweb.asm.Type.getArgumentsAndReturnSizes(Ljava/lang/String;)I @ 41
Event: 8.590 Thread 0x000001fe697a6800 Uncommon trap: reason=unloaded action=reinterpret pc=0x000001fe571d1f84 method=org.aspectj.apache.bcel.classfile.Attribute.readAttribute(Ljava/io/DataInputStream;Lorg/aspectj/apache/bcel/classfile/ConstantPool;)Lorg/aspectj/apache/bcel/classfile/Attribute
Event: 8.881 Thread 0x000001fe697a6800 Uncommon trap: reason=class_check action=maybe_recompile pc=0x000001fe570a58dc method=java.util.regex.Matcher.search(I)Z @ 86
Event: 8.881 Thread 0x000001fe697a6800 Uncommon trap: reason=class_check action=maybe_recompile pc=0x000001fe570a58dc method=java.util.regex.Matcher.search(I)Z @ 86
Event: 8.881 Thread 0x000001fe697a6800 Uncommon trap: reason=class_check action=maybe_recompile pc=0x000001fe570a58dc method=java.util.regex.Matcher.search(I)Z @ 86
Event: 8.881 Thread 0x000001fe697a6800 Uncommon trap: reason=class_check action=maybe_recompile pc=0x000001fe570a58dc method=java.util.regex.Matcher.search(I)Z @ 86
Event: 9.840 Thread 0x000001fe69fee000 Uncommon trap: reason=unstable_if action=reinterpret pc=0x000001fe57190640 method=org.aspectj.weaver.ResolvedType.parameterize(Ljava/util/Map;)Lorg/aspectj/weaver/UnresolvedType; @ 67
Event: 12.567 Thread 0x000001fe697a6800 Uncommon trap: reason=bimorphic action=maybe_recompile pc=0x000001fe5717105c method=java.net.URL.<init>(Ljava/net/URL;Ljava/lang/String;Ljava/net/URLStreamHandler;)V @ 504
Event: 13.337 Thread 0x000001fe697a6800 Uncommon trap: reason=class_check action=maybe_recompile pc=0x000001fe56c8609c method=java.net.URLClassLoader.defineClass(Ljava/lang/String;Lsun/misc/Resource;)Ljava/lang/Class; @ 34

Classes redefined (0 events):
No events

Internal exceptions (10 events):
Event: 6.078 Thread 0x000001fe697a6800 Exception <a 'java/lang/NoSuchMethodError': java.lang.Object.lambda$static$0(Lorg/asynchttpclient/uri/Uri;)Lorg/asynchttpclient/proxy/ProxyServer;> (0x00000000facf4118) thrown at [C:\jenkins\workspace\8-2-build-windows-amd64-cygwin\jdk8u271\605\hotspot\sr
Event: 6.117 Thread 0x000001fe697a6800 Exception <a 'java/lang/NoClassDefFoundError': org/apache/logging/log4j/spi/ExtendedLoggerWrapper> (0x00000000faef0088) thrown at [C:\jenkins\workspace\8-2-build-windows-amd64-cygwin\jdk8u271\605\hotspot\src\share\vm\classfile\systemDictionary.cpp, line 2
Event: 6.117 Thread 0x000001fe697a6800 Exception <a 'java/lang/NoClassDefFoundError'> (0x00000000faef0088) thrown at [C:\jenkins\workspace\8-2-build-windows-amd64-cygwin\jdk8u271\605\hotspot\src\share\vm\prims\jvm.cpp, line 1516]
Event: 6.121 Thread 0x000001fe697a6800 Exception <a 'java/lang/NoClassDefFoundError': org/apache/log4j/Priority> (0x00000000faf378b8) thrown at [C:\jenkins\workspace\8-2-build-windows-amd64-cygwin\jdk8u271\605\hotspot\src\share\vm\classfile\systemDictionary.cpp, line 201]
Event: 6.982 Thread 0x000001fe697a6800 Exception <a 'java/lang/NoSuchMethodError': java.lang.Object.lambda$andFinally$1(Lorg/openqa/selenium/remote/http/HttpHandler;Lorg/openqa/selenium/remote/http/HttpRequest;)Lorg/openqa/selenium/remote/http/HttpResponse;> (0x00000000f8004ee0) thrown at [C:\
Event: 7.883 Thread 0x000001fe6c1cf800 Exception <a 'java/net/SocketTimeoutException': connect timed out> (0x00000000f97a13d0) thrown at [C:\jenkins\workspace\8-2-build-windows-amd64-cygwin\jdk8u271\605\hotspot\src\share\vm\prims\jni.cpp, line 737]
Event: 8.407 Thread 0x000001fe6c1cf800 Exception <a 'java/net/SocketTimeoutException': connect timed out> (0x00000000f97a28b0) thrown at [C:\jenkins\workspace\8-2-build-windows-amd64-cygwin\jdk8u271\605\hotspot\src\share\vm\prims\jni.cpp, line 737]
Event: 8.501 Thread 0x000001fe697a6800 Exception <a 'java/lang/IncompatibleClassChangeError': Found class java.lang.Object, but interface was expected> (0x00000000f9b64ee0) thrown at [C:\jenkins\workspace\8-2-build-windows-amd64-cygwin\jdk8u271\605\hotspot\src\share\vm\interpreter\linkResolver
Event: 8.613 Thread 0x000001fe697a6800 Exception <a 'java/lang/NoSuchMethodError': java.lang.Object.lambda$chars$0()Ljava/util/Spliterator$OfInt;> (0x00000000fa26a798) thrown at [C:\jenkins\workspace\8-2-build-windows-amd64-cygwin\jdk8u271\605\hotspot\src\share\vm\interpreter\linkResolver.cpp,
Event: 12.040 Thread 0x000001fe697a6800 Exception <a 'java/lang/NoSuchMethodError': java.lang.Object.lambda$getResponseFunction$0(Lorg/openqa/selenium/remote/InitialHandshakeResponse;)Lorg/openqa/selenium/remote/ProtocolHandshake$Result;> (0x00000000f92724a0) thrown at [C:\jenkins\workspace\8-2

Events (10 events):
Event: 13.450 loading class io/netty/util/Recycler$WeakOrderQueue
Event: 13.450 loading class io/netty/util/Recycler$WeakOrderQueue done
Event: 13.453 loading class io/netty/util/Recycler$WeakOrderQueue$Head
Event: 13.453 loading class io/netty/util/Recycler$WeakOrderQueue$Head done
Event: 13.454 loading class io/netty/util/Recycler$WeakOrderQueue$Link
Event: 13.454 loading class io/netty/util/Recycler$WeakOrderQueue$Link done
Event: 13.456 Executing VM operation: RevokeBias
Event: 13.456 Executing VM operation: RevokeBias done
Event: 13.457 Executing VM operation: RevokeBias
Event: 13.457 Executing VM operation: RevokeBias done


Dynamic libraries:
0x00007ff7b2b70000 - 0x00007ff7b2bb7000 	C:\Program Files\Java\jdk1.8.0_271\bin\java.exe
0x00007ffa8cc30000 - 0x00007ffa8ce25000 	C:\WINDOWS\SYSTEM32\ntdll.dll
0x00007ffa8b670000 - 0x00007ffa8b72d000 	C:\WINDOWS\System32\KERNEL32.DLL
0x00007ffa8a980000 - 0x00007ffa8ac49000 	C:\WINDOWS\System32\KERNELBASE.dll
0x00007ffa8c000000 - 0x00007ffa8c0ac000 	C:\WINDOWS\System32\ADVAPI32.dll
0x00007ffa8c200000 - 0x00007ffa8c29e000 	C:\WINDOWS\System32\msvcrt.dll
0x00007ffa8b250000 - 0x00007ffa8b2eb000 	C:\WINDOWS\System32\sechost.dll
0x00007ffa8cab0000 - 0x00007ffa8cbda000 	C:\WINDOWS\System32\RPCRT4.dll
0x00007ffa8b450000 - 0x00007ffa8b5f0000 	C:\WINDOWS\System32\USER32.dll
0x00007ffa8a700000 - 0x00007ffa8a722000 	C:\WINDOWS\System32\win32u.dll
0x00007ffa8c0b0000 - 0x00007ffa8c0da000 	C:\WINDOWS\System32\GDI32.dll
0x00007ffa8a870000 - 0x00007ffa8a97b000 	C:\WINDOWS\System32\gdi32full.dll
0x00007ffa8a500000 - 0x00007ffa8a59d000 	C:\WINDOWS\System32\msvcp_win.dll
0x00007ffa8a5a0000 - 0x00007ffa8a6a0000 	C:\WINDOWS\System32\ucrtbase.dll
0x00007ffa89730000 - 0x00007ffa899ca000 	C:\WINDOWS\WinSxS\amd64_microsoft.windows.common-controls_6595b64144ccf1df_6.0.19041.1110_none_60b5254171f9507e\COMCTL32.dll
0x00007ffa8c1d0000 - 0x00007ffa8c200000 	C:\WINDOWS\System32\IMM32.DLL
0x00007ffa6f790000 - 0x00007ffa6f7a5000 	C:\Program Files\Java\jdk1.8.0_271\jre\bin\vcruntime140.dll
0x00007ffa48960000 - 0x00007ffa489fb000 	C:\Program Files\Java\jdk1.8.0_271\jre\bin\msvcp140.dll
0x0000000074e70000 - 0x00000000756df000 	C:\Program Files\Java\jdk1.8.0_271\jre\bin\server\jvm.dll
0x00007ffa8b5f0000 - 0x00007ffa8b5f8000 	C:\WINDOWS\System32\PSAPI.DLL
0x00007ffa83520000 - 0x00007ffa8352a000 	C:\WINDOWS\SYSTEM32\VERSION.dll
0x00007ffa81670000 - 0x00007ffa81697000 	C:\WINDOWS\SYSTEM32\WINMM.dll
0x00007ffa886f0000 - 0x00007ffa886f9000 	C:\WINDOWS\SYSTEM32\WSOCK32.dll
0x00007ffa8c0e0000 - 0x00007ffa8c14b000 	C:\WINDOWS\System32\ws2_32.DLL
0x00007ffa87530000 - 0x00007ffa87542000 	C:\WINDOWS\SYSTEM32\kernel.appcore.dll
0x00007ffa7cf70000 - 0x00007ffa7cf80000 	C:\Program Files\Java\jdk1.8.0_271\jre\bin\verify.dll
0x00007ffa694e0000 - 0x00007ffa6950b000 	C:\Program Files\Java\jdk1.8.0_271\jre\bin\java.dll
0x00007ffa80200000 - 0x00007ffa80230000 	C:\Program Files\Java\jdk1.8.0_271\jre\bin\instrument.dll
0x00007ffa68ee0000 - 0x00007ffa68ef8000 	C:\Program Files\Java\jdk1.8.0_271\jre\bin\zip.dll
0x00007ffa8c370000 - 0x00007ffa8caaf000 	C:\WINDOWS\System32\SHELL32.dll
0x00007ffa877f0000 - 0x00007ffa87f81000 	C:\WINDOWS\SYSTEM32\windows.storage.dll
0x00007ffa8bc40000 - 0x00007ffa8bf95000 	C:\WINDOWS\System32\combase.dll
0x00007ffa89690000 - 0x00007ffa896bc000 	C:\WINDOWS\SYSTEM32\Wldp.dll
0x00007ffa8b730000 - 0x00007ffa8b7de000 	C:\WINDOWS\System32\SHCORE.dll
0x00007ffa8bfa0000 - 0x00007ffa8bff5000 	C:\WINDOWS\System32\shlwapi.dll
0x00007ffa8a2b0000 - 0x00007ffa8a2cf000 	C:\WINDOWS\SYSTEM32\profapi.dll
0x00007ffa660d0000 - 0x00007ffa660ec000 	C:\Program Files\Java\jdk1.8.0_271\jre\bin\net.dll
0x00007ffa893e0000 - 0x00007ffa8944a000 	C:\WINDOWS\system32\mswsock.dll
0x00007ffa660b0000 - 0x00007ffa660c3000 	C:\Program Files\Java\jdk1.8.0_271\jre\bin\nio.dll
0x00007ffa8a030000 - 0x00007ffa8a048000 	C:\WINDOWS\SYSTEM32\CRYPTSP.dll
0x00007ffa88db0000 - 0x00007ffa88de4000 	C:\WINDOWS\system32\rsaenh.dll
0x00007ffa8a4d0000 - 0x00007ffa8a4f7000 	C:\WINDOWS\System32\bcrypt.dll
0x00007ffa8a220000 - 0x00007ffa8a24e000 	C:\WINDOWS\SYSTEM32\USERENV.dll
0x00007ffa8a7e0000 - 0x00007ffa8a863000 	C:\WINDOWS\System32\bcryptprimitives.dll
0x00007ffa89680000 - 0x00007ffa8968c000 	C:\WINDOWS\SYSTEM32\CRYPTBASE.dll
0x00007ffa890e0000 - 0x00007ffa8911b000 	C:\WINDOWS\SYSTEM32\IPHLPAPI.DLL
0x00007ffa8cbe0000 - 0x00007ffa8cbe8000 	C:\WINDOWS\System32\NSI.dll
0x00007ffa83190000 - 0x00007ffa831a7000 	C:\WINDOWS\SYSTEM32\dhcpcsvc6.DLL
0x00007ffa83610000 - 0x00007ffa8362d000 	C:\WINDOWS\SYSTEM32\dhcpcsvc.DLL
0x00007ffa89120000 - 0x00007ffa891ec000 	C:\WINDOWS\SYSTEM32\DNSAPI.dll
0x00007ffa7ac50000 - 0x00007ffa7ac74000 	C:\Program Files\Java\jdk1.8.0_271\jre\bin\sunec.dll
0x00007ffa7e290000 - 0x00007ffa7e29a000 	C:\Windows\System32\rasadhlp.dll
0x00007ffa7e770000 - 0x00007ffa7e7ef000 	C:\WINDOWS\System32\fwpuclnt.dll
0x00007ffa7cdb0000 - 0x00007ffa7cdbd000 	C:\Program Files\Java\jdk1.8.0_271\jre\bin\management.dll
0x00007ffa78cb0000 - 0x00007ffa78cc7000 	C:\WINDOWS\system32\napinsp.dll
0x00007ffa78c90000 - 0x00007ffa78cab000 	C:\WINDOWS\system32\pnrpnsp.dll
0x00007ffa78c70000 - 0x00007ffa78c85000 	C:\WINDOWS\system32\wshbth.dll
0x00007ffa85230000 - 0x00007ffa8524d000 	C:\WINDOWS\system32\NLAapi.dll
0x00007ffa78c50000 - 0x00007ffa78c62000 	C:\WINDOWS\System32\winrnr.dll
0x00007ffa89b00000 - 0x00007ffa89ce4000 	C:\WINDOWS\SYSTEM32\dbghelp.dll

VM Arguments:
jvm_args: -Dallure.results.directory=C:\Users\Misi\Desktop\Masterwork\Masterwork\test-automation-masterwork\ReiszMihalyMasterwork\build\allure-results -Djava.security.manager=worker.org.gradle.process.internal.worker.child.BootstrapSecurityManager -Dorg.gradle.native=false -javaagent:C:\Users\Misi\.gradle\caches\modules-2\files-2.1\org.aspectj\aspectjweaver\1.8.10\e198c5fee28988c355f74e06461614eae36b2032\aspectjweaver-1.8.10.jar -Xmx512m -Dfile.encoding=windows-1252 -Duser.country=US -Duser.language=en -Duser.variant -ea 
java_command: worker.org.gradle.process.internal.worker.GradleWorkerMain 'Gradle Test Executor 1'
java_class_path (initial): C:\Users\Misi\.gradle\caches\6.3\workerMain\gradle-worker.jar;C:\Users\Misi\.gradle\caches\modules-2\files-2.1\org.aspectj\aspectjweaver\1.8.10\e198c5fee28988c355f74e06461614eae36b2032\aspectjweaver-1.8.10.jar
Launcher Type: SUN_STANDARD

Environment Variables:
JAVA_HOME=C:\Program Files\Java\jdk1.8.0_271
PATH=C:\Program Files (x86)\Common Files\Oracle\Java\javapath;C:\WINDOWS\system32;C:\WINDOWS;C:\WINDOWS\System32\Wbem;"C:\WINDOWS\System32\WindowsPowerShell\v1.0\;C:\Cygwin\bin";C:\WINDOWS\System32\OpenSSH\;C:\Program Files (x86)\ATI Technologies\ATI.ACE\Core-Static;C:\Program Files\Git\cmd;C:\Cygwin\bin;C:\Program Files\MySQL\MySQL Shell 8.0\bin\;C:\Program Files (x86)\Common Files\Oracle\Java\javapath;C:\WINDOWS\system32;C:\WINDOWS;C:\WINDOWS\System32\Wbem;C:\WINDOWS\System32\WindowsPowerShell\v1.0\;C:\Cygwin\bin;C:\WINDOWS\System32\OpenSSH\;C:\Program Files (x86)\ATI Technologies\ATI.ACE\Core-Static;C:\Program Files\Git\cmd;C:\Cygwin\bin;C:\Users\Misi\AppData\Local\Microsoft\WindowsApps;;C:\Users\Misi\AppData\Local\Programs\Microsoft VS Code\bin;C:\Program Files\Java\jdk1.8.0_271\bin;
USERNAME=Misi
OS=Windows_NT
PROCESSOR_IDENTIFIER=Intel64 Family 6 Model 42 Stepping 7, GenuineIntel



---------------  S Y S T E M  ---------------

OS: Windows 10.0 , 64 bit Build 19041 (10.0.19041.1023)

CPU:total 4 (initial active 4) (2 cores per cpu, 2 threads per core) family 6 model 42 stepping 7, cmov, cx8, fxsr, mmx, sse, sse2, sse3, ssse3, sse4.1, sse4.2, popcnt, avx, clmul, ht, tsc, tscinvbit

Memory: 4k page, physical 8370476k(327896k free), swap 33536300k(3788k free)

vm_info: Java HotSpot(TM) 64-Bit Server VM (25.271-b09) for windows-amd64 JRE (1.8.0_271-b09), built on Sep 16 2020 19:14:59 by "" with MS VC++ 15.9 (VS2017)

time: Thu Aug  5 01:09:14 2021
timezone: Central Europe Daylight Time
elapsed time: 13.772965 seconds (0d 0h 0m 13s)

