#
# There is insufficient memory for the Java Runtime Environment to continue.
# Native memory allocation (malloc) failed to allocate 510096 bytes for Chunk::new
# Possible reasons:
#   The system is out of physical RAM or swap space
#   The process is running with CompressedOops enabled, and the Java Heap may be blocking the growth of the native heap
# Possible solutions:
#   Reduce memory load on the system
#   Increase physical memory or swap space
#   Check if swap backing store is full
#   Decrease Java heap size (-Xmx/-Xms)
#   Decrease number of Java threads
#   Decrease Java thread stack sizes (-Xss)
#   Set larger code cache with -XX:ReservedCodeCacheSize=
#   JVM is running with Unscaled Compressed Oops mode in which the Java heap is
#     placed in the first 4GB address space. The Java Heap base address is the
#     maximum limit for the native heap growth. Please use -XX:HeapBaseMinAddress
#     to set the Java Heap base and to place the Java Heap above 4GB virtual address.
# This output file may be truncated or incomplete.
#
#  Out of Memory Error (allocation.cpp:389), pid=23664, tid=0x00000000000075cc
#
# JRE version: Java(TM) SE Runtime Environment (8.0_271-b09) (build 1.8.0_271-b09)
# Java VM: Java HotSpot(TM) 64-Bit Server VM (25.271-b09 mixed mode windows-amd64 compressed oops)
# Failed to write core dump. Minidumps are not enabled by default on client versions of Windows
#

---------------  T H R E A D  ---------------

Current thread (0x000001abcce83000):  JavaThread "C2 CompilerThread1" daemon [_thread_in_native, id=30156, stack(0x0000000db1700000,0x0000000db1800000)]

Stack: [0x0000000db1700000,0x0000000db1800000]
Native frames: (J=compiled Java code, j=interpreted, Vv=VM code, C=native code)
V  [jvm.dll+0x33f6c9]


Current CompileTask:
C2:  11580 3208       4       org.aspectj.apache.bcel.generic.ClassGen::<init> (461 bytes)


---------------  P R O C E S S  ---------------

Java Threads: ( => current thread )
  0x000001abd0bce800 JavaThread "AsyncHttpClient-1-4" daemon [_thread_in_native, id=8812, stack(0x0000000db2a00000,0x0000000db2b00000)]
  0x000001abd0bd0800 JavaThread "AsyncHttpClient-1-3" daemon [_thread_in_native, id=29096, stack(0x0000000db2900000,0x0000000db2a00000)]
  0x000001abd0bd1800 JavaThread "AsyncHttpClient-1-2" daemon [_thread_in_native, id=30512, stack(0x0000000db2800000,0x0000000db2900000)]
  0x000001abd0bcf000 JavaThread "Keep-Alive-Timer" daemon [_thread_blocked, id=29072, stack(0x0000000db2700000,0x0000000db2800000)]
  0x000001abd0bd0000 JavaThread "Exec Stream Pumper" daemon [_thread_in_native, id=8188, stack(0x0000000db2600000,0x0000000db2700000)]
  0x000001abcdb1d800 JavaThread "Exec Stream Pumper" daemon [_thread_in_native, id=6560, stack(0x0000000db2500000,0x0000000db2600000)]
  0x000001abd2de8000 JavaThread "UrlChecker-2" daemon [_thread_blocked, id=14404, stack(0x0000000db2400000,0x0000000db2500000)]
  0x000001abd2527000 JavaThread "ForkJoinPool.commonPool-worker-2" daemon [_thread_blocked, id=12732, stack(0x0000000db2300000,0x0000000db2400000)]
  0x000001abd1f86000 JavaThread "Exec Default Executor" daemon [_thread_in_native, id=27268, stack(0x0000000db2200000,0x0000000db2300000)]
  0x000001abd035c000 JavaThread "netty-client-timer-3-1" daemon [_thread_blocked, id=27820, stack(0x0000000db2100000,0x0000000db2200000)]
  0x000001abd03d5800 JavaThread "AsyncHttpClient-1-1" daemon [_thread_blocked, id=20412, stack(0x0000000db2000000,0x0000000db2100000)]
  0x000001abce5fb000 JavaThread "ForkJoinPool.commonPool-worker-1" daemon [_thread_blocked, id=26796, stack(0x0000000db1f00000,0x0000000db2000000)]
  0x000001abced0b000 JavaThread "/127.0.0.1:60371 to /127.0.0.1:60370 workers Thread 3" [_thread_in_native, id=28492, stack(0x0000000db1e00000,0x0000000db1f00000)]
  0x000001abce69c000 JavaThread "/127.0.0.1:60371 to /127.0.0.1:60370 workers Thread 2" [_thread_blocked, id=28712, stack(0x0000000db1d00000,0x0000000db1e00000)]
  0x000001abce93f800 JavaThread "Test worker" [_thread_in_Java, id=24180, stack(0x0000000db1c00000,0x0000000db1d00000)]
  0x000001abcce9b800 JavaThread "Service Thread" daemon [_thread_blocked, id=28344, stack(0x0000000db1900000,0x0000000db1a00000)]
  0x000001abcce6f000 JavaThread "C1 CompilerThread2" daemon [_thread_blocked, id=26884, stack(0x0000000db1800000,0x0000000db1900000)]
=>0x000001abcce83000 JavaThread "C2 CompilerThread1" daemon [_thread_in_native, id=30156, stack(0x0000000db1700000,0x0000000db1800000)]
  0x000001abcce82000 JavaThread "C2 CompilerThread0" daemon [_thread_in_native, id=28784, stack(0x0000000db1600000,0x0000000db1700000)]
  0x000001abccdfa000 JavaThread "Attach Listener" daemon [_thread_blocked, id=26384, stack(0x0000000db1500000,0x0000000db1600000)]
  0x000001abccdf9000 JavaThread "Signal Dispatcher" daemon [_thread_blocked, id=19148, stack(0x0000000db1400000,0x0000000db1500000)]
  0x000001abcc63e000 JavaThread "Finalizer" daemon [_thread_blocked, id=13540, stack(0x0000000db1300000,0x0000000db1400000)]
  0x000001abccd66000 JavaThread "Reference Handler" daemon [_thread_blocked, id=28768, stack(0x0000000db1200000,0x0000000db1300000)]
  0x000001abb9e35800 JavaThread "main" [_thread_blocked, id=27448, stack(0x0000000db0c00000,0x0000000db0d00000)]

Other Threads:
  0x000001abccd41800 VMThread [stack: 0x0000000db1100000,0x0000000db1200000] [id=29532]
  0x000001abcce9e800 WatcherThread [stack: 0x0000000db1a00000,0x0000000db1b00000] [id=8244]

VM state:not at safepoint (normal execution)

VM Mutex/Monitor currently owned by a thread: None

OutOfMemory and StackOverflow Exception counts:
OutOfMemoryError java_heap_errors=2

heap address: 0x00000000e0000000, size: 512 MB, Compressed Oops mode: 32-bit
Narrow klass base: 0x0000000000000000, Narrow klass shift: 3
Compressed class space size: 1073741824 Address: 0x0000000100000000

Heap:
 PSYoungGen      total 141824K, used 108591K [0x00000000f5580000, 0x0000000100000000, 0x0000000100000000)
  eden space 118272K, 71% used [0x00000000f5580000,0x00000000fa890320,0x00000000fc900000)
  from space 23552K, 99% used [0x00000000fe900000,0x00000000ffffbab8,0x0000000100000000)
  to   space 28160K, 0% used [0x00000000fc900000,0x00000000fc900000,0x00000000fe480000)
 ParOldGen       total 72192K, used 19805K [0x00000000e0000000, 0x00000000e4680000, 0x00000000f5580000)
  object space 72192K, 27% used [0x00000000e0000000,0x00000000e1357410,0x00000000e4680000)
 Metaspace       used 33794K, capacity 35399K, committed 35496K, reserved 1081344K
  class space    used 4227K, capacity 4576K, committed 4656K, reserved 1048576K

Card table byte_map: [0x000001abcaa70000,0x000001abcab80000] byte_map_base: 0x000001abca370000

Marking Bits: (ParMarkBitMap*) 0x0000000075667fe0
 Begin Bits: [0x000001abcac30000, 0x000001abcb430000)
 End Bits:   [0x000001abcb430000, 0x000001abcbc30000)

Polling page: 0x000001abb9de0000

CodeCache: size=245760Kb used=10318Kb max_used=12409Kb free=235441Kb
 bounds [0x000001abbb6b0000, 0x000001abbc340000, 0x000001abca6b0000]
 total_blobs=3238 nmethods=2740 adapters=409
 compilation: enabled

Compilation events (10 events):
Event: 11.417 Thread 0x000001abcce6f000 3312       3       com.esotericsoftware.kryo.io.Output::writeVarInt (433 bytes)
Event: 11.417 Thread 0x000001abcce6f000 nmethod 3312 0x000001abbbbd3090 code [0x000001abbbbd3280, 0x000001abbbbd3a10]
Event: 11.417 Thread 0x000001abcce6f000 3311       3       java.util.ArrayDeque::isEmpty (17 bytes)
Event: 11.417 Thread 0x000001abcce6f000 nmethod 3311 0x000001abbc1da910 code [0x000001abbc1daa60, 0x000001abbc1dac18]
Event: 11.417 Thread 0x000001abcce6f000 3316       3       jdk.internal.org.objectweb.asm.FieldVisitor::<init> (35 bytes)
Event: 11.418 Thread 0x000001abcce6f000 nmethod 3316 0x000001abbbe26710 code [0x000001abbbe26880, 0x000001abbbe26b90]
Event: 11.418 Thread 0x000001abcce6f000 3317       3       jdk.internal.org.objectweb.asm.FieldWriter::visitEnd (1 bytes)
Event: 11.418 Thread 0x000001abcce6f000 nmethod 3317 0x000001abbbe26390 code [0x000001abbbe264e0, 0x000001abbbe26638]
Event: 11.420 Thread 0x000001abcce6f000 3318       3       java.util.stream.Sink$ChainedReference::<init> (16 bytes)
Event: 11.420 Thread 0x000001abcce6f000 nmethod 3318 0x000001abbc2147d0 code [0x000001abbc214940, 0x000001abbc214c70]

GC Heap History (10 events):
Event: 3.914 GC heap before
{Heap before GC invocations=5 (full 0):
 PSYoungGen      total 71680K, used 71664K [0x00000000f5580000, 0x00000000fa080000, 0x0000000100000000)
  eden space 66560K, 100% used [0x00000000f5580000,0x00000000f9680000,0x00000000f9680000)
  from space 5120K, 99% used [0x00000000f9b80000,0x00000000fa07c030,0x00000000fa080000)
  to   space 5120K, 0% used [0x00000000f9680000,0x00000000f9680000,0x00000000f9b80000)
 ParOldGen       total 87552K, used 27547K [0x00000000e0000000, 0x00000000e5580000, 0x00000000f5580000)
  object space 87552K, 31% used [0x00000000e0000000,0x00000000e1ae6e68,0x00000000e5580000)
 Metaspace       used 20305K, capacity 21132K, committed 21296K, reserved 1069056K
  class space    used 2371K, capacity 2574K, committed 2608K, reserved 1048576K
Event: 3.951 GC heap after
Heap after GC invocations=5 (full 0):
 PSYoungGen      total 71680K, used 5088K [0x00000000f5580000, 0x0000000100000000, 0x0000000100000000)
  eden space 66560K, 0% used [0x00000000f5580000,0x00000000f5580000,0x00000000f9680000)
  from space 5120K, 99% used [0x00000000f9680000,0x00000000f9b78020,0x00000000f9b80000)
  to   space 22016K, 0% used [0x00000000fea80000,0x00000000fea80000,0x0000000100000000)
 ParOldGen       total 87552K, used 43217K [0x00000000e0000000, 0x00000000e5580000, 0x00000000f5580000)
  object space 87552K, 49% used [0x00000000e0000000,0x00000000e2a34470,0x00000000e5580000)
 Metaspace       used 20305K, capacity 21132K, committed 21296K, reserved 1069056K
  class space    used 2371K, capacity 2574K, committed 2608K, reserved 1048576K
}
Event: 3.981 GC heap before
{Heap before GC invocations=6 (full 0):
 PSYoungGen      total 71680K, used 6298K [0x00000000f5580000, 0x0000000100000000, 0x0000000100000000)
  eden space 66560K, 1% used [0x00000000f5580000,0x00000000f56aeb50,0x00000000f9680000)
  from space 5120K, 99% used [0x00000000f9680000,0x00000000f9b78020,0x00000000f9b80000)
  to   space 22016K, 0% used [0x00000000fea80000,0x00000000fea80000,0x0000000100000000)
 ParOldGen       total 87552K, used 43217K [0x00000000e0000000, 0x00000000e5580000, 0x00000000f5580000)
  object space 87552K, 49% used [0x00000000e0000000,0x00000000e2a34470,0x00000000e5580000)
 Metaspace       used 20393K, capacity 21277K, committed 21296K, reserved 1069056K
  class space    used 2387K, capacity 2589K, committed 2608K, reserved 1048576K
Event: 3.996 GC heap after
Heap after GC invocations=6 (full 0):
 PSYoungGen      total 151552K, used 5232K [0x00000000f5580000, 0x0000000100000000, 0x0000000100000000)
  eden space 129536K, 0% used [0x00000000f5580000,0x00000000f5580000,0x00000000fd400000)
  from space 22016K, 23% used [0x00000000fea80000,0x00000000fef9c010,0x0000000100000000)
  to   space 22528K, 0% used [0x00000000fd400000,0x00000000fd400000,0x00000000fea00000)
 ParOldGen       total 87552K, used 43217K [0x00000000e0000000, 0x00000000e5580000, 0x00000000f5580000)
  object space 87552K, 49% used [0x00000000e0000000,0x00000000e2a34470,0x00000000e5580000)
 Metaspace       used 20393K, capacity 21277K, committed 21296K, reserved 1069056K
  class space    used 2387K, capacity 2589K, committed 2608K, reserved 1048576K
}
Event: 3.996 GC heap before
{Heap before GC invocations=7 (full 1):
 PSYoungGen      total 151552K, used 5232K [0x00000000f5580000, 0x0000000100000000, 0x0000000100000000)
  eden space 129536K, 0% used [0x00000000f5580000,0x00000000f5580000,0x00000000fd400000)
  from space 22016K, 23% used [0x00000000fea80000,0x00000000fef9c010,0x0000000100000000)
  to   space 22528K, 0% used [0x00000000fd400000,0x00000000fd400000,0x00000000fea00000)
 ParOldGen       total 87552K, used 43217K [0x00000000e0000000, 0x00000000e5580000, 0x00000000f5580000)
  object space 87552K, 49% used [0x00000000e0000000,0x00000000e2a34470,0x00000000e5580000)
 Metaspace       used 20393K, capacity 21277K, committed 21296K, reserved 1069056K
  class space    used 2387K, capacity 2589K, committed 2608K, reserved 1048576K
Event: 4.072 GC heap after
Heap after GC invocations=7 (full 1):
 PSYoungGen      total 151552K, used 0K [0x00000000f5580000, 0x0000000100000000, 0x0000000100000000)
  eden space 129536K, 0% used [0x00000000f5580000,0x00000000f5580000,0x00000000fd400000)
  from space 22016K, 0% used [0x00000000fea80000,0x00000000fea80000,0x0000000100000000)
  to   space 22528K, 0% used [0x00000000fd400000,0x00000000fd400000,0x00000000fea00000)
 ParOldGen       total 72192K, used 17663K [0x00000000e0000000, 0x00000000e4680000, 0x00000000f5580000)
  object space 72192K, 24% used [0x00000000e0000000,0x00000000e113fe10,0x00000000e4680000)
 Metaspace       used 20393K, capacity 21277K, committed 21296K, reserved 1069056K
  class space    used 2387K, capacity 2589K, committed 2608K, reserved 1048576K
}
Event: 5.895 GC heap before
{Heap before GC invocations=8 (full 1):
 PSYoungGen      total 151552K, used 129536K [0x00000000f5580000, 0x0000000100000000, 0x0000000100000000)
  eden space 129536K, 100% used [0x00000000f5580000,0x00000000fd400000,0x00000000fd400000)
  from space 22016K, 0% used [0x00000000fea80000,0x00000000fea80000,0x0000000100000000)
  to   space 22528K, 0% used [0x00000000fd400000,0x00000000fd400000,0x00000000fea00000)
 ParOldGen       total 72192K, used 17663K [0x00000000e0000000, 0x00000000e4680000, 0x00000000f5580000)
  object space 72192K, 24% used [0x00000000e0000000,0x00000000e113fe10,0x00000000e4680000)
 Metaspace       used 25908K, capacity 26981K, committed 27184K, reserved 1073152K
  class space    used 3082K, capacity 3325K, committed 3376K, reserved 1048576K
Event: 5.931 GC heap after
Heap after GC invocations=8 (full 1):
 PSYoungGen      total 146944K, used 17242K [0x00000000f5580000, 0x0000000100000000, 0x0000000100000000)
  eden space 129536K, 0% used [0x00000000f5580000,0x00000000f5580000,0x00000000fd400000)
  from space 17408K, 99% used [0x00000000fd400000,0x00000000fe4d6ab8,0x00000000fe500000)
  to   space 23552K, 0% used [0x00000000fe900000,0x00000000fe900000,0x0000000100000000)
 ParOldGen       total 72192K, used 17671K [0x00000000e0000000, 0x00000000e4680000, 0x00000000f5580000)
  object space 72192K, 24% used [0x00000000e0000000,0x00000000e1141e10,0x00000000e4680000)
 Metaspace       used 25908K, capacity 26981K, committed 27184K, reserved 1073152K
  class space    used 3082K, capacity 3325K, committed 3376K, reserved 1048576K
}
Event: 8.514 GC heap before
{Heap before GC invocations=9 (full 1):
 PSYoungGen      total 146944K, used 146778K [0x00000000f5580000, 0x0000000100000000, 0x0000000100000000)
  eden space 129536K, 100% used [0x00000000f5580000,0x00000000fd400000,0x00000000fd400000)
  from space 17408K, 99% used [0x00000000fd400000,0x00000000fe4d6ab8,0x00000000fe500000)
  to   space 23552K, 0% used [0x00000000fe900000,0x00000000fe900000,0x0000000100000000)
 ParOldGen       total 72192K, used 17671K [0x00000000e0000000, 0x00000000e4680000, 0x00000000f5580000)
  object space 72192K, 24% used [0x00000000e0000000,0x00000000e1141e10,0x00000000e4680000)
 Metaspace       used 31495K, capacity 33023K, committed 33200K, reserved 1079296K
  class space    used 3870K, capacity 4176K, committed 4272K, reserved 1048576K
Event: 8.537 GC heap after
Heap after GC invocations=9 (full 1):
 PSYoungGen      total 141824K, used 23534K [0x00000000f5580000, 0x0000000100000000, 0x0000000100000000)
  eden space 118272K, 0% used [0x00000000f5580000,0x00000000f5580000,0x00000000fc900000)
  from space 23552K, 99% used [0x00000000fe900000,0x00000000ffffbab8,0x0000000100000000)
  to   space 28160K, 0% used [0x00000000fc900000,0x00000000fc900000,0x00000000fe480000)
 ParOldGen       total 72192K, used 19805K [0x00000000e0000000, 0x00000000e4680000, 0x00000000f5580000)
  object space 72192K, 27% used [0x00000000e0000000,0x00000000e1357410,0x00000000e4680000)
 Metaspace       used 31495K, capacity 33023K, committed 33200K, reserved 1079296K
  class space    used 3870K, capacity 4176K, committed 4272K, reserved 1048576K
}

Deoptimization events (10 events):
Event: 5.575 Thread 0x000001abce93f800 Uncommon trap: reason=class_check action=maybe_recompile pc=0x000001abbbe267a8 method=org.aspectj.weaver.bcel.BcelObjectType.getSuperclass()Lorg/aspectj/weaver/ResolvedType; @ 16
Event: 5.620 Thread 0x000001abce93f800 Uncommon trap: reason=class_check action=maybe_recompile pc=0x000001abbbed3b00 method=org.aspectj.apache.bcel.classfile.FieldOrMethod.getAnnotations()[Lorg/aspectj/apache/bcel/classfile/annotation/AnnotationGen; @ 35
Event: 5.970 Thread 0x000001abce93f800 Uncommon trap: reason=class_check action=maybe_recompile pc=0x000001abbbed6dc4 method=org.aspectj.apache.bcel.generic.InstructionList.<init>([B)V @ 76
Event: 6.495 Thread 0x000001abce93f800 Uncommon trap: reason=unloaded action=reinterpret pc=0x000001abbc275f80 method=org.aspectj.apache.bcel.generic.Instruction.readInstruction(Lorg/aspectj/apache/bcel/util/ByteSequence;)Lorg/aspectj/apache/bcel/generic/Instruction; @ 862
Event: 6.561 Thread 0x000001abce93f800 Uncommon trap: reason=class_check action=maybe_recompile pc=0x000001abbbed6dc4 method=org.aspectj.apache.bcel.generic.InstructionList.<init>([B)V @ 76
Event: 6.647 Thread 0x000001abce93f800 Uncommon trap: reason=unloaded action=reinterpret pc=0x000001abbbfabe64 method=org.aspectj.apache.bcel.classfile.Attribute.readAttribute(Ljava/io/DataInputStream;Lorg/aspectj/apache/bcel/classfile/ConstantPool;)Lorg/aspectj/apache/bcel/classfile/Attribute
Event: 6.828 Thread 0x000001abce93f800 Uncommon trap: reason=unstable_if action=reinterpret pc=0x000001abbb86c114 method=java.lang.String.replace(CC)Ljava/lang/String; @ 2
Event: 7.459 Thread 0x000001abce93f800 Uncommon trap: reason=unstable_if action=reinterpret pc=0x000001abbbfed504 method=jdk.internal.org.objectweb.asm.Type.getArgumentsAndReturnSizes(Ljava/lang/String;)I @ 41
Event: 7.521 Thread 0x000001abce93f800 Uncommon trap: reason=unloaded action=reinterpret pc=0x000001abbc2abc44 method=org.aspectj.apache.bcel.classfile.Attribute.readAttribute(Ljava/io/DataInputStream;Lorg/aspectj/apache/bcel/classfile/ConstantPool;)Lorg/aspectj/apache/bcel/classfile/Attribute
Event: 7.641 Thread 0x000001abce93f800 Uncommon trap: reason=unstable_if action=reinterpret pc=0x000001abbbcdda58 method=java.util.HashMap$HashIterator.<init>(Ljava/util/HashMap;)V @ 45

Classes redefined (0 events):
No events

Internal exceptions (10 events):
Event: 7.369 Thread 0x000001abd2de8000 Exception <a 'java/net/SocketTimeoutException': connect timed out> (0x00000000f9b67ac0) thrown at [C:\jenkins\workspace\8-2-build-windows-amd64-cygwin\jdk8u271\605\hotspot\src\share\vm\prims\jni.cpp, line 737]
Event: 7.436 Thread 0x000001abce93f800 Exception <a 'java/lang/IncompatibleClassChangeError': Found class java.lang.Object, but interface was expected> (0x00000000f9f67e90) thrown at [C:\jenkins\workspace\8-2-build-windows-amd64-cygwin\jdk8u271\605\hotspot\src\share\vm\interpreter\linkResolver
Event: 7.543 Thread 0x000001abce93f800 Exception <a 'java/lang/NoSuchMethodError': java.lang.Object.lambda$chars$0()Ljava/util/Spliterator$OfInt;> (0x00000000fa688468) thrown at [C:\jenkins\workspace\8-2-build-windows-amd64-cygwin\jdk8u271\605\hotspot\src\share\vm\interpreter\linkResolver.cpp,
Event: 11.097 Thread 0x000001abce93f800 Exception <a 'java/lang/NoSuchMethodError': java.lang.Object.lambda$getResponseFunction$0(Lorg/openqa/selenium/remote/InitialHandshakeResponse;)Lorg/openqa/selenium/remote/ProtocolHandshake$Result;> (0x00000000f9a8c178) thrown at [C:\jenkins\workspace\8-2
Event: 11.316 Thread 0x000001abd0bce800 Exception <a 'java/lang/OutOfMemoryError'> (0x00000000fa5c4038) thrown at [C:\jenkins\workspace\8-2-build-windows-amd64-cygwin\jdk8u271\605\hotspot\src\share\vm\prims\unsafe.cpp, line 618]
Event: 11.316 Thread 0x000001abd0bce800 Exception <a 'java/lang/OutOfMemoryError'> (0x00000000fa5c4038) thrown at [C:\jenkins\workspace\8-2-build-windows-amd64-cygwin\jdk8u271\605\hotspot\src\share\vm\prims\jni.cpp, line 710]
Event: 11.401 Thread 0x000001abce93f800 Exception <a 'java/lang/reflect/InvocationTargetException'> (0x00000000fa5996d0) thrown at [C:\jenkins\workspace\8-2-build-windows-amd64-cygwin\jdk8u271\605\hotspot\src\share\vm\runtime\reflection.cpp, line 1092]
Event: 11.419 Thread 0x000001abce93f800 Exception <a 'java/lang/IncompatibleClassChangeError': Found class java.lang.Object, but interface was expected> (0x00000000fa69bd48) thrown at [C:\jenkins\workspace\8-2-build-windows-amd64-cygwin\jdk8u271\605\hotspot\src\share\vm\interpreter\linkResolver
Event: 11.422 Thread 0x000001abce93f800 Exception <a 'java/lang/NullPointerException'> (0x00000000fa6a5ea8) thrown at [C:\jenkins\workspace\8-2-build-windows-amd64-cygwin\jdk8u271\605\hotspot\src\share\vm\interpreter\linkResolver.cpp, line 1287]
Event: 11.422 Thread 0x000001abce93f800 Exception <a 'java/lang/reflect/InvocationTargetException'> (0x00000000fa6a6480) thrown at [C:\jenkins\workspace\8-2-build-windows-amd64-cygwin\jdk8u271\605\hotspot\src\share\vm\runtime\reflection.cpp, line 1092]

Events (10 events):
Event: 11.426 loading class org/junit/platform/engine/support/hierarchical/ThrowableCollector
Event: 11.426 loading class org/junit/platform/engine/support/hierarchical/ThrowableCollector done
Event: 11.426 loading class org/junit/platform/engine/support/hierarchical/NodeTestTask
Event: 11.426 loading class org/junit/platform/engine/support/hierarchical/NodeTestTask done
Event: 11.427 loading class java/util/concurrent/ConcurrentHashMap$ValueSpliterator
Event: 11.509 loading class java/util/concurrent/ConcurrentHashMap$ValueSpliterator done
Event: 11.558 loading class org/junit/jupiter/engine/execution/ExtensionValuesStore$StoredValue
Event: 11.558 loading class org/junit/jupiter/engine/execution/ExtensionValuesStore$StoredValue done
Event: 11.558 loading class org/junit/jupiter/engine/execution/ExtensionValuesStore$StoredValue
Event: 11.558 loading class org/junit/jupiter/engine/execution/ExtensionValuesStore$StoredValue done


Dynamic libraries:
0x00007ff7b2b70000 - 0x00007ff7b2bb7000 	C:\Program Files\Java\jdk1.8.0_271\bin\java.exe
0x00007ffa8cc30000 - 0x00007ffa8ce25000 	C:\WINDOWS\SYSTEM32\ntdll.dll
0x00007ffa8b670000 - 0x00007ffa8b72d000 	C:\WINDOWS\System32\KERNEL32.DLL
0x00007ffa8a980000 - 0x00007ffa8ac49000 	C:\WINDOWS\System32\KERNELBASE.dll
0x00007ffa8c000000 - 0x00007ffa8c0ac000 	C:\WINDOWS\System32\ADVAPI32.dll
0x00007ffa8c200000 - 0x00007ffa8c29e000 	C:\WINDOWS\System32\msvcrt.dll
0x00007ffa8b250000 - 0x00007ffa8b2eb000 	C:\WINDOWS\System32\sechost.dll
0x00007ffa8cab0000 - 0x00007ffa8cbda000 	C:\WINDOWS\System32\RPCRT4.dll
0x00007ffa8b450000 - 0x00007ffa8b5f0000 	C:\WINDOWS\System32\USER32.dll
0x00007ffa8a700000 - 0x00007ffa8a722000 	C:\WINDOWS\System32\win32u.dll
0x00007ffa8c0b0000 - 0x00007ffa8c0da000 	C:\WINDOWS\System32\GDI32.dll
0x00007ffa8a870000 - 0x00007ffa8a97b000 	C:\WINDOWS\System32\gdi32full.dll
0x00007ffa8a500000 - 0x00007ffa8a59d000 	C:\WINDOWS\System32\msvcp_win.dll
0x00007ffa8a5a0000 - 0x00007ffa8a6a0000 	C:\WINDOWS\System32\ucrtbase.dll
0x00007ffa89730000 - 0x00007ffa899ca000 	C:\WINDOWS\WinSxS\amd64_microsoft.windows.common-controls_6595b64144ccf1df_6.0.19041.1110_none_60b5254171f9507e\COMCTL32.dll
0x00007ffa8c1d0000 - 0x00007ffa8c200000 	C:\WINDOWS\System32\IMM32.DLL
0x00007ffa6f790000 - 0x00007ffa6f7a5000 	C:\Program Files\Java\jdk1.8.0_271\jre\bin\vcruntime140.dll
0x00007ffa48960000 - 0x00007ffa489fb000 	C:\Program Files\Java\jdk1.8.0_271\jre\bin\msvcp140.dll
0x0000000074e70000 - 0x00000000756df000 	C:\Program Files\Java\jdk1.8.0_271\jre\bin\server\jvm.dll
0x00007ffa8b5f0000 - 0x00007ffa8b5f8000 	C:\WINDOWS\System32\PSAPI.DLL
0x00007ffa886f0000 - 0x00007ffa886f9000 	C:\WINDOWS\SYSTEM32\WSOCK32.dll
0x00007ffa8c0e0000 - 0x00007ffa8c14b000 	C:\WINDOWS\System32\WS2_32.dll
0x00007ffa81670000 - 0x00007ffa81697000 	C:\WINDOWS\SYSTEM32\WINMM.dll
0x00007ffa83520000 - 0x00007ffa8352a000 	C:\WINDOWS\SYSTEM32\VERSION.dll
0x00007ffa87530000 - 0x00007ffa87542000 	C:\WINDOWS\SYSTEM32\kernel.appcore.dll
0x00007ffa7cf70000 - 0x00007ffa7cf80000 	C:\Program Files\Java\jdk1.8.0_271\jre\bin\verify.dll
0x00007ffa694e0000 - 0x00007ffa6950b000 	C:\Program Files\Java\jdk1.8.0_271\jre\bin\java.dll
0x00007ffa71e60000 - 0x00007ffa71e90000 	C:\Program Files\Java\jdk1.8.0_271\jre\bin\instrument.dll
0x00007ffa68ee0000 - 0x00007ffa68ef8000 	C:\Program Files\Java\jdk1.8.0_271\jre\bin\zip.dll
0x00007ffa8c370000 - 0x00007ffa8caaf000 	C:\WINDOWS\System32\SHELL32.dll
0x00007ffa877f0000 - 0x00007ffa87f81000 	C:\WINDOWS\SYSTEM32\windows.storage.dll
0x00007ffa8bc40000 - 0x00007ffa8bf95000 	C:\WINDOWS\System32\combase.dll
0x00007ffa89690000 - 0x00007ffa896bc000 	C:\WINDOWS\SYSTEM32\Wldp.dll
0x00007ffa8b730000 - 0x00007ffa8b7de000 	C:\WINDOWS\System32\SHCORE.dll
0x00007ffa8bfa0000 - 0x00007ffa8bff5000 	C:\WINDOWS\System32\shlwapi.dll
0x00007ffa8a2b0000 - 0x00007ffa8a2cf000 	C:\WINDOWS\SYSTEM32\profapi.dll
0x00007ffa660d0000 - 0x00007ffa660ec000 	C:\Program Files\Java\jdk1.8.0_271\jre\bin\net.dll
0x00007ffa893e0000 - 0x00007ffa8944a000 	C:\WINDOWS\system32\mswsock.dll
0x00007ffa660b0000 - 0x00007ffa660c3000 	C:\Program Files\Java\jdk1.8.0_271\jre\bin\nio.dll
0x00007ffa8a030000 - 0x00007ffa8a048000 	C:\WINDOWS\SYSTEM32\CRYPTSP.dll
0x00007ffa88db0000 - 0x00007ffa88de4000 	C:\WINDOWS\system32\rsaenh.dll
0x00007ffa8a4d0000 - 0x00007ffa8a4f7000 	C:\WINDOWS\System32\bcrypt.dll
0x00007ffa8a220000 - 0x00007ffa8a24e000 	C:\WINDOWS\SYSTEM32\USERENV.dll
0x00007ffa8a7e0000 - 0x00007ffa8a863000 	C:\WINDOWS\System32\bcryptprimitives.dll
0x00007ffa89680000 - 0x00007ffa8968c000 	C:\WINDOWS\SYSTEM32\CRYPTBASE.dll
0x00007ffa890e0000 - 0x00007ffa8911b000 	C:\WINDOWS\SYSTEM32\IPHLPAPI.DLL
0x00007ffa8cbe0000 - 0x00007ffa8cbe8000 	C:\WINDOWS\System32\NSI.dll
0x00007ffa83190000 - 0x00007ffa831a7000 	C:\WINDOWS\SYSTEM32\dhcpcsvc6.DLL
0x00007ffa83610000 - 0x00007ffa8362d000 	C:\WINDOWS\SYSTEM32\dhcpcsvc.DLL
0x00007ffa89120000 - 0x00007ffa891ec000 	C:\WINDOWS\SYSTEM32\DNSAPI.dll
0x00007ffa7ac50000 - 0x00007ffa7ac74000 	C:\Program Files\Java\jdk1.8.0_271\jre\bin\sunec.dll
0x00007ffa7e290000 - 0x00007ffa7e29a000 	C:\Windows\System32\rasadhlp.dll
0x00007ffa7e770000 - 0x00007ffa7e7ef000 	C:\WINDOWS\System32\fwpuclnt.dll
0x00007ffa7cdb0000 - 0x00007ffa7cdbd000 	C:\Program Files\Java\jdk1.8.0_271\jre\bin\management.dll
0x00007ffa78cb0000 - 0x00007ffa78cc7000 	C:\WINDOWS\system32\napinsp.dll
0x00007ffa78c90000 - 0x00007ffa78cab000 	C:\WINDOWS\system32\pnrpnsp.dll
0x00007ffa78c70000 - 0x00007ffa78c85000 	C:\WINDOWS\system32\wshbth.dll
0x00007ffa85230000 - 0x00007ffa8524d000 	C:\WINDOWS\system32\NLAapi.dll
0x00007ffa78c50000 - 0x00007ffa78c62000 	C:\WINDOWS\System32\winrnr.dll
0x00007ffa89b00000 - 0x00007ffa89ce4000 	C:\WINDOWS\SYSTEM32\dbghelp.dll

VM Arguments:
jvm_args: -Dallure.results.directory=C:\Users\Misi\Desktop\Masterwork\Masterwork\test-automation-masterwork\ReiszMihalyMasterwork\build\allure-results -Djava.security.manager=worker.org.gradle.process.internal.worker.child.BootstrapSecurityManager -Dorg.gradle.native=false -javaagent:C:\Users\Misi\.gradle\caches\modules-2\files-2.1\org.aspectj\aspectjweaver\1.8.10\e198c5fee28988c355f74e06461614eae36b2032\aspectjweaver-1.8.10.jar -Xmx512m -Dfile.encoding=windows-1252 -Duser.country=US -Duser.language=en -Duser.variant -ea 
java_command: worker.org.gradle.process.internal.worker.GradleWorkerMain 'Gradle Test Executor 2'
java_class_path (initial): C:\Users\Misi\.gradle\caches\6.3\workerMain\gradle-worker.jar;C:\Users\Misi\.gradle\caches\modules-2\files-2.1\org.aspectj\aspectjweaver\1.8.10\e198c5fee28988c355f74e06461614eae36b2032\aspectjweaver-1.8.10.jar
Launcher Type: SUN_STANDARD

Environment Variables:
JAVA_HOME=C:\Program Files\Java\jdk1.8.0_271
PATH=C:\Program Files (x86)\Common Files\Oracle\Java\javapath;C:\WINDOWS\system32;C:\WINDOWS;C:\WINDOWS\System32\Wbem;"C:\WINDOWS\System32\WindowsPowerShell\v1.0\;C:\Cygwin\bin";C:\WINDOWS\System32\OpenSSH\;C:\Program Files (x86)\ATI Technologies\ATI.ACE\Core-Static;C:\Program Files\Git\cmd;C:\Cygwin\bin;C:\Program Files\MySQL\MySQL Shell 8.0\bin\;C:\Program Files (x86)\Common Files\Oracle\Java\javapath;C:\WINDOWS\system32;C:\WINDOWS;C:\WINDOWS\System32\Wbem;C:\WINDOWS\System32\WindowsPowerShell\v1.0\;C:\Cygwin\bin;C:\WINDOWS\System32\OpenSSH\;C:\Program Files (x86)\ATI Technologies\ATI.ACE\Core-Static;C:\Program Files\Git\cmd;C:\Cygwin\bin;C:\Users\Misi\AppData\Local\Microsoft\WindowsApps;;C:\Users\Misi\AppData\Local\Programs\Microsoft VS Code\bin;C:\Program Files\Java\jdk1.8.0_271\bin;
USERNAME=Misi
OS=Windows_NT
PROCESSOR_IDENTIFIER=Intel64 Family 6 Model 42 Stepping 7, GenuineIntel



---------------  S Y S T E M  ---------------

OS: Windows 10.0 , 64 bit Build 19041 (10.0.19041.1023)

CPU:total 4 (initial active 4) (2 cores per cpu, 2 threads per core) family 6 model 42 stepping 7, cmov, cx8, fxsr, mmx, sse, sse2, sse3, ssse3, sse4.1, sse4.2, popcnt, avx, clmul, ht, tsc, tscinvbit

Memory: 4k page, physical 8370476k(457708k free), swap 33536300k(2120k free)

vm_info: Java HotSpot(TM) 64-Bit Server VM (25.271-b09) for windows-amd64 JRE (1.8.0_271-b09), built on Sep 16 2020 19:14:59 by "" with MS VC++ 15.9 (VS2017)

time: Thu Aug  5 01:09:47 2021
timezone: Central Europe Daylight Time
elapsed time: 11.588468 seconds (0d 0h 0m 11s)

