#
# There is insufficient memory for the Java Runtime Environment to continue.
# Native memory allocation (malloc) failed to allocate 252096 bytes for Chunk::new
# Possible reasons:
#   The system is out of physical RAM or swap space
#   The process is running with CompressedOops enabled, and the Java Heap may be blocking the growth of the native heap
# Possible solutions:
#   Reduce memory load on the system
#   Increase physical memory or swap space
#   Check if swap backing store is full
#   Decrease Java heap size (-Xmx/-Xms)
#   Decrease number of Java threads
#   Decrease Java thread stack sizes (-Xss)
#   Set larger code cache with -XX:ReservedCodeCacheSize=
#   JVM is running with Unscaled Compressed Oops mode in which the Java heap is
#     placed in the first 4GB address space. The Java Heap base address is the
#     maximum limit for the native heap growth. Please use -XX:HeapBaseMinAddress
#     to set the Java Heap base and to place the Java Heap above 4GB virtual address.
# This output file may be truncated or incomplete.
#
#  Out of Memory Error (allocation.cpp:389), pid=22224, tid=0x00000000000073f4
#
# JRE version: Java(TM) SE Runtime Environment (8.0_271-b09) (build 1.8.0_271-b09)
# Java VM: Java HotSpot(TM) 64-Bit Server VM (25.271-b09 mixed mode windows-amd64 compressed oops)
# Failed to write core dump. Minidumps are not enabled by default on client versions of Windows
#

---------------  T H R E A D  ---------------

Current thread (0x000001627b43b800):  JavaThread "C2 CompilerThread1" daemon [_thread_in_native, id=29684, stack(0x0000004b5c900000,0x0000004b5ca00000)]

Stack: [0x0000004b5c900000,0x0000004b5ca00000]
Native frames: (J=compiled Java code, j=interpreted, Vv=VM code, C=native code)
V  [jvm.dll+0x33f6c9]
V  [jvm.dll+0x286122]
V  [jvm.dll+0x286dcd]
V  [jvm.dll+0x27d805]
V  [jvm.dll+0xe574c]
V  [jvm.dll+0xe5f4c]
V  [jvm.dll+0x462b72]
V  [jvm.dll+0x49df9d]
V  [jvm.dll+0x452bf1]
V  [jvm.dll+0x44feb4]
V  [jvm.dll+0x43aef7]
V  [jvm.dll+0xbc3eb]
V  [jvm.dll+0xbaa4b]
V  [jvm.dll+0x24e7c2]
V  [jvm.dll+0x2a2dcc]
C  [ucrtbase.dll+0x21bb2]
C  [KERNEL32.DLL+0x17034]
C  [ntdll.dll+0x52651]


Current CompileTask:
C2:  57134 7037       4       groovy.lang.MetaClassImpl::getMetaMethod (74 bytes)


---------------  P R O C E S S  ---------------

Java Threads: ( => current thread )
  0x000001620fb42000 JavaThread "/127.0.0.1:60370 to /127.0.0.1:60371 workers Thread 4" [_thread_in_native, id=22248, stack(0x0000004b5f900000,0x0000004b5fa00000)]
  0x000001620fb42800 JavaThread "/127.0.0.1:60370 to /127.0.0.1:60371 workers Thread 3" [_thread_blocked, id=25356, stack(0x0000004b5f800000,0x0000004b5f900000)]
  0x000001620fb45800 JavaThread "/127.0.0.1:60370 to /127.0.0.1:60371 workers Thread 2" [_thread_blocked, id=30064, stack(0x0000004b5f700000,0x0000004b5f800000)]
  0x000001620fb46800 JavaThread "/127.0.0.1:60370 to /127.0.0.1:60371 workers" [_thread_blocked, id=28496, stack(0x0000004b5f600000,0x0000004b5f700000)]
  0x000001620fb41000 JavaThread "Incoming local TCP Connector on port 60370" [_thread_blocked, id=27412, stack(0x0000004b5f500000,0x0000004b5f600000)]
  0x000001620fb43800 JavaThread "Dispatch org.gradle.api.internal.tasks.testing.processors.RestartEveryNTestClassProcessor@78c37a0b" [_thread_blocked, id=28120, stack(0x0000004b5f100000,0x0000004b5f200000)]
  0x000001620fb45000 JavaThread "Dispatch org.gradle.api.internal.tasks.testing.results.AttachParentTestResultProcessor@532a22f6" [_thread_in_Java, id=24524, stack(0x0000004b5ef00000,0x0000004b5f000000)]
  0x000001620fb40800 JavaThread "Cache worker for Java compile cache (C:\Users\Misi\Desktop\Masterwork\Masterwork\test-automation-masterwork\ReiszMihalyMasterwork\.gradle\6.3\javaCompile)" [_thread_blocked, id=29832, stack(0x0000004b5ee00000,0x0000004b5ef00000)]
  0x000001627df93800 JavaThread "Cache worker for execution history cache (C:\Users\Misi\Desktop\Masterwork\Masterwork\test-automation-masterwork\ReiszMihalyMasterwork\.gradle\6.3\executionHistory)" [_thread_blocked, id=27676, stack(0x0000004b5ed00000,0x0000004b5ee00000)]
  0x000001627df92800 JavaThread "Execution worker for ':' Thread 3" [_thread_blocked, id=2896, stack(0x0000004b5ec00000,0x0000004b5ed00000)]
  0x000001627df8f800 JavaThread "Execution worker for ':' Thread 2" [_thread_blocked, id=25320, stack(0x0000004b5ea00000,0x0000004b5eb00000)]
  0x000001627df95000 JavaThread "Execution worker for ':'" [_thread_blocked, id=29688, stack(0x0000004b5e900000,0x0000004b5ea00000)]
  0x000001627df96800 JavaThread "Build operations Thread 4" [_thread_blocked, id=25244, stack(0x0000004b5e800000,0x0000004b5e900000)]
  0x000001620f136800 JavaThread "Build operations Thread 3" [_thread_blocked, id=22660, stack(0x0000004b5e700000,0x0000004b5e800000)]
  0x000001620f136000 JavaThread "Cache worker for file content cache (C:\Users\Misi\Desktop\Masterwork\Masterwork\test-automation-masterwork\ReiszMihalyMasterwork\.gradle\6.3\fileContent)" [_thread_blocked, id=29316, stack(0x0000004b5e600000,0x0000004b5e700000)]
  0x000001620f130800 JavaThread "Build operations Thread 2" [_thread_blocked, id=26408, stack(0x0000004b5e500000,0x0000004b5e600000)]
  0x000001620f12c000 JavaThread "Cache worker for Build Output Cleanup Cache (C:\Users\Misi\Desktop\Masterwork\Masterwork\test-automation-masterwork\ReiszMihalyMasterwork\.gradle\buildOutputCleanup)" [_thread_blocked, id=30288, stack(0x0000004b5e400000,0x0000004b5e500000)]
  0x000001620f130000 JavaThread "Build operations" [_thread_blocked, id=26120, stack(0x0000004b5e100000,0x0000004b5e200000)]
  0x000001620f12e800 JavaThread "Cache worker for cache directory md-rule (C:\Users\Misi\.gradle\caches\6.3\md-rule)" [_thread_blocked, id=4500, stack(0x0000004b5e000000,0x0000004b5e100000)]
  0x000001620f12d000 JavaThread "Cache worker for cache directory md-supplier (C:\Users\Misi\.gradle\caches\6.3\md-supplier)" [_thread_blocked, id=16588, stack(0x0000004b5df00000,0x0000004b5e000000)]
  0x000001620f131800 JavaThread "Cache worker for file hash cache (C:\Users\Misi\Desktop\Masterwork\Masterwork\test-automation-masterwork\ReiszMihalyMasterwork\.gradle\6.3\fileHashes)" [_thread_blocked, id=28988, stack(0x0000004b5dd00000,0x0000004b5de00000)]
  0x000001620f133000 JavaThread "Cache worker for checksums cache (C:\Users\Misi\Desktop\Masterwork\Masterwork\test-automation-masterwork\ReiszMihalyMasterwork\.gradle\checksums)" [_thread_blocked, id=18692, stack(0x0000004b5dc00000,0x0000004b5dd00000)]
  0x000001620f128800 JavaThread "Thread-48" [_thread_blocked, id=14288, stack(0x0000004b5db00000,0x0000004b5dc00000)]
  0x000001620f12d800 JavaThread "Stdin handler" [_thread_blocked, id=18000, stack(0x0000004b5da00000,0x0000004b5db00000)]
  0x000001620f12a000 JavaThread "Asynchronous log dispatcher for DefaultDaemonConnection: socket connection from /127.0.0.1:60416 to /127.0.0.1:60365" [_thread_blocked, id=9736, stack(0x0000004b5d600000,0x0000004b5d700000)]
  0x000001620f129000 JavaThread "Cancel handler" [_thread_blocked, id=2696, stack(0x0000004b5d500000,0x0000004b5d600000)]
  0x000001620f12b800 JavaThread "Handler for socket connection from /127.0.0.1:60416 to /127.0.0.1:60365" [_thread_in_native, id=7840, stack(0x0000004b5d400000,0x0000004b5d500000)]
  0x000001620f135000 JavaThread "Exec process Thread 4" [_thread_blocked, id=30268, stack(0x0000004b5f400000,0x0000004b5f500000)]
  0x000001620f132000 JavaThread "Exec process Thread 3" [_thread_in_native, id=5112, stack(0x0000004b5f300000,0x0000004b5f400000)]
  0x000001620f137800 JavaThread "Exec process Thread 2" [_thread_in_native, id=10656, stack(0x0000004b5f200000,0x0000004b5f300000)]
  0x000001620f133800 JavaThread "Exec process" [_thread_in_native, id=25172, stack(0x0000004b5f000000,0x0000004b5f100000)]
  0x000001620f134800 JavaThread "Cache worker for Java compile cache (C:\Users\Misi\.gradle\caches\6.3\javaCompile)" [_thread_blocked, id=29396, stack(0x0000004b5eb00000,0x0000004b5ec00000)]
  0x000001620f12f000 JavaThread "Cache worker for file content cache (C:\Users\Misi\.gradle\caches\6.3\fileContent)" [_thread_blocked, id=20828, stack(0x0000004b5e300000,0x0000004b5e400000)]
  0x000001620f12a800 JavaThread "Memory manager" [_thread_blocked, id=27256, stack(0x0000004b5e200000,0x0000004b5e300000)]
  0x000001627df94000 JavaThread "Cache worker for execution history cache (C:\Users\Misi\.gradle\caches\6.3\executionHistory)" [_thread_blocked, id=29416, stack(0x0000004b5de00000,0x0000004b5df00000)]
  0x000001627df92000 JavaThread "Cache worker for file hash cache (C:\Users\Misi\.gradle\caches\6.3\fileHashes)" [_thread_blocked, id=20852, stack(0x0000004b5d900000,0x0000004b5da00000)]
  0x000001627df90800 JavaThread "File lock request listener" [_thread_in_native, id=18416, stack(0x0000004b5d800000,0x0000004b5d900000)]
  0x000001627df91000 JavaThread "Cache worker for journal cache (C:\Users\Misi\.gradle\caches\journal-1)" [_thread_blocked, id=30132, stack(0x0000004b5d700000,0x0000004b5d800000)]
  0x000001627de4d800 JavaThread "Daemon worker" [_thread_blocked, id=24032, stack(0x0000004b5d300000,0x0000004b5d400000)]
  0x000001627db7c800 JavaThread "Daemon" [_thread_blocked, id=1260, stack(0x0000004b5d000000,0x0000004b5d100000)]
  0x000001627dde5800 JavaThread "Daemon periodic checks" [_thread_blocked, id=16760, stack(0x0000004b5cf00000,0x0000004b5d000000)]
  0x000001627ddeb800 JavaThread "Incoming local TCP Connector on port 60416" [_thread_in_native, id=4116, stack(0x0000004b5ce00000,0x0000004b5cf00000)]
  0x000001627dab8000 JavaThread "Daemon health stats" [_thread_blocked, id=13196, stack(0x0000004b5cd00000,0x0000004b5ce00000)]
  0x000001627b4cc000 JavaThread "Service Thread" daemon [_thread_blocked, id=25112, stack(0x0000004b5cb00000,0x0000004b5cc00000)]
  0x000001627b44d000 JavaThread "C1 CompilerThread2" daemon [_thread_blocked, id=15732, stack(0x0000004b5ca00000,0x0000004b5cb00000)]
=>0x000001627b43b800 JavaThread "C2 CompilerThread1" daemon [_thread_in_native, id=29684, stack(0x0000004b5c900000,0x0000004b5ca00000)]
  0x000001627b435000 JavaThread "C2 CompilerThread0" daemon [_thread_blocked, id=7700, stack(0x0000004b5c800000,0x0000004b5c900000)]
  0x000001627b433800 JavaThread "Attach Listener" daemon [_thread_blocked, id=27040, stack(0x0000004b5c700000,0x0000004b5c800000)]
  0x000001627b433000 JavaThread "Signal Dispatcher" daemon [_thread_blocked, id=18356, stack(0x0000004b5c600000,0x0000004b5c700000)]
  0x000001627b416800 JavaThread "Finalizer" daemon [_thread_blocked, id=13272, stack(0x0000004b5c500000,0x0000004b5c600000)]
  0x000001627b414800 JavaThread "Reference Handler" daemon [_thread_blocked, id=11016, stack(0x0000004b5c400000,0x0000004b5c500000)]
  0x00000162773d1000 JavaThread "main" [_thread_blocked, id=7164, stack(0x0000004b5be00000,0x0000004b5bf00000)]

Other Threads:
  0x000001627b3f2000 VMThread [stack: 0x0000004b5c300000,0x0000004b5c400000] [id=29612]
  0x000001627b4e9000 WatcherThread [stack: 0x0000004b5cc00000,0x0000004b5cd00000] [id=29260]

VM state:not at safepoint (normal execution)

VM Mutex/Monitor currently owned by a thread: None

heap address: 0x00000000e0000000, size: 512 MB, Compressed Oops mode: 32-bit
Narrow klass base: 0x0000000000000000, Narrow klass shift: 3
Compressed class space size: 1073741824 Address: 0x0000000100000000

Heap:
 PSYoungGen      total 161792K, used 137620K [0x00000000f5580000, 0x0000000100000000, 0x0000000100000000)
  eden space 148992K, 83% used [0x00000000f5580000,0x00000000fcf68ff0,0x00000000fe700000)
  from space 12800K, 99% used [0x00000000fe700000,0x00000000ff37c070,0x00000000ff380000)
  to   space 12800K, 0% used [0x00000000ff380000,0x00000000ff380000,0x0000000100000000)
 ParOldGen       total 175104K, used 37852K [0x00000000e0000000, 0x00000000eab00000, 0x00000000f5580000)
  object space 175104K, 21% used [0x00000000e0000000,0x00000000e24f7080,0x00000000eab00000)
 Metaspace       used 50633K, capacity 53156K, committed 53376K, reserved 1095680K
  class space    used 7206K, capacity 7800K, committed 7808K, reserved 1048576K

Card table byte_map: [0x0000016279110000,0x0000016279220000] byte_map_base: 0x0000016278a10000

Marking Bits: (ParMarkBitMap*) 0x0000000075667fe0
 Begin Bits: [0x00000162792d0000, 0x0000016279ad0000)
 End Bits:   [0x0000016279ad0000, 0x000001627a2d0000)

Polling page: 0x0000016278d20000

CodeCache: size=245760Kb used=20470Kb max_used=20481Kb free=225289Kb
 bounds [0x0000016200000000, 0x0000016201420000, 0x000001620f000000]
 total_blobs=6946 nmethods=6190 adapters=667
 compilation: enabled

Compilation events (10 events):
Event: 57.081 Thread 0x000001627b435000 nmethod 7027 0x00000162014076d0 code [0x00000162014078e0, 0x00000162014086d0]
Event: 57.081 Thread 0x000001627b44d000 7034       3       groovy.xml.MarkupBuilder::nodeCompleted (14 bytes)
Event: 57.082 Thread 0x000001627b44d000 nmethod 7034 0x0000016201404050 code [0x00000162014041e0, 0x0000016201404590]
Event: 57.082 Thread 0x000001627b44d000 7035   !   3       groovy.util.IndentPrinter::flush (21 bytes)
Event: 57.082 Thread 0x000001627b44d000 nmethod 7035 0x0000016201403a50 code [0x0000016201403be0, 0x0000016201403ee0]
Event: 57.082 Thread 0x000001627b44d000 7036       3       groovy.xml.MarkupBuilder::createNode (8 bytes)
Event: 57.082 Thread 0x000001627b44d000 nmethod 7036 0x0000016201403690 code [0x0000016201403800, 0x00000162014039b0]
Event: 57.083 Thread 0x000001627b43b800 7037       4       groovy.lang.MetaClassImpl::getMetaMethod (74 bytes)
Event: 57.083 Thread 0x000001627b435000 7038       4       groovy.lang.MetaClassImpl::getMethodWithCaching (65 bytes)
Event: 57.098 Thread 0x000001627b44d000 7039       3       groovy.lang.MetaClassImpl::getProperty (13 bytes)

GC Heap History (10 events):
Event: 5.978 GC heap before
{Heap before GC invocations=7 (full 1):
 PSYoungGen      total 76288K, used 74218K [0x00000000f5580000, 0x00000000fe680000, 0x0000000100000000)
  eden space 65536K, 100% used [0x00000000f5580000,0x00000000f9580000,0x00000000f9580000)
  from space 10752K, 80% used [0x00000000f9580000,0x00000000f9dfa838,0x00000000fa000000)
  to   space 12288K, 0% used [0x00000000fda80000,0x00000000fda80000,0x00000000fe680000)
 ParOldGen       total 175104K, used 6740K [0x00000000e0000000, 0x00000000eab00000, 0x00000000f5580000)
  object space 175104K, 3% used [0x00000000e0000000,0x00000000e06952d8,0x00000000eab00000)
 Metaspace       used 32992K, capacity 33950K, committed 34048K, reserved 1079296K
  class space    used 4602K, capacity 4850K, committed 4864K, reserved 1048576K
Event: 5.989 GC heap after
Heap after GC invocations=7 (full 1):
 PSYoungGen      total 132096K, used 9470K [0x00000000f5580000, 0x00000000fe480000, 0x0000000100000000)
  eden space 121856K, 0% used [0x00000000f5580000,0x00000000f5580000,0x00000000fcc80000)
  from space 10240K, 92% used [0x00000000fda80000,0x00000000fe3bf910,0x00000000fe480000)
  to   space 12288K, 0% used [0x00000000fcc80000,0x00000000fcc80000,0x00000000fd880000)
 ParOldGen       total 175104K, used 6748K [0x00000000e0000000, 0x00000000eab00000, 0x00000000f5580000)
  object space 175104K, 3% used [0x00000000e0000000,0x00000000e06972d8,0x00000000eab00000)
 Metaspace       used 32992K, capacity 33950K, committed 34048K, reserved 1079296K
  class space    used 4602K, capacity 4850K, committed 4864K, reserved 1048576K
}
Event: 6.250 GC heap before
{Heap before GC invocations=8 (full 1):
 PSYoungGen      total 132096K, used 39747K [0x00000000f5580000, 0x00000000fe480000, 0x0000000100000000)
  eden space 121856K, 24% used [0x00000000f5580000,0x00000000f7311318,0x00000000fcc80000)
  from space 10240K, 92% used [0x00000000fda80000,0x00000000fe3bf910,0x00000000fe480000)
  to   space 12288K, 0% used [0x00000000fcc80000,0x00000000fcc80000,0x00000000fd880000)
 ParOldGen       total 175104K, used 6748K [0x00000000e0000000, 0x00000000eab00000, 0x00000000f5580000)
  object space 175104K, 3% used [0x00000000e0000000,0x00000000e06972d8,0x00000000eab00000)
 Metaspace       used 34445K, capacity 35462K, committed 35496K, reserved 1079296K
  class space    used 4829K, capacity 5088K, committed 5120K, reserved 1048576K
Event: 6.258 GC heap after
Heap after GC invocations=8 (full 1):
 PSYoungGen      total 134144K, used 8025K [0x00000000f5580000, 0x0000000100000000, 0x0000000100000000)
  eden space 121856K, 0% used [0x00000000f5580000,0x00000000f5580000,0x00000000fcc80000)
  from space 12288K, 65% used [0x00000000fcc80000,0x00000000fd456728,0x00000000fd880000)
  to   space 12288K, 0% used [0x00000000ff400000,0x00000000ff400000,0x0000000100000000)
 ParOldGen       total 175104K, used 6756K [0x00000000e0000000, 0x00000000eab00000, 0x00000000f5580000)
  object space 175104K, 3% used [0x00000000e0000000,0x00000000e06992d8,0x00000000eab00000)
 Metaspace       used 34445K, capacity 35462K, committed 35496K, reserved 1079296K
  class space    used 4829K, capacity 5088K, committed 5120K, reserved 1048576K
}
Event: 6.258 GC heap before
{Heap before GC invocations=9 (full 2):
 PSYoungGen      total 134144K, used 8025K [0x00000000f5580000, 0x0000000100000000, 0x0000000100000000)
  eden space 121856K, 0% used [0x00000000f5580000,0x00000000f5580000,0x00000000fcc80000)
  from space 12288K, 65% used [0x00000000fcc80000,0x00000000fd456728,0x00000000fd880000)
  to   space 12288K, 0% used [0x00000000ff400000,0x00000000ff400000,0x0000000100000000)
 ParOldGen       total 175104K, used 6756K [0x00000000e0000000, 0x00000000eab00000, 0x00000000f5580000)
  object space 175104K, 3% used [0x00000000e0000000,0x00000000e06992d8,0x00000000eab00000)
 Metaspace       used 34445K, capacity 35462K, committed 35496K, reserved 1079296K
  class space    used 4829K, capacity 5088K, committed 5120K, reserved 1048576K
Event: 6.348 GC heap after
Heap after GC invocations=9 (full 2):
 PSYoungGen      total 134144K, used 0K [0x00000000f5580000, 0x0000000100000000, 0x0000000100000000)
  eden space 121856K, 0% used [0x00000000f5580000,0x00000000f5580000,0x00000000fcc80000)
  from space 12288K, 0% used [0x00000000fcc80000,0x00000000fcc80000,0x00000000fd880000)
  to   space 12288K, 0% used [0x00000000ff400000,0x00000000ff400000,0x0000000100000000)
 ParOldGen       total 175104K, used 14368K [0x00000000e0000000, 0x00000000eab00000, 0x00000000f5580000)
  object space 175104K, 8% used [0x00000000e0000000,0x00000000e0e080a8,0x00000000eab00000)
 Metaspace       used 34445K, capacity 35462K, committed 35496K, reserved 1079296K
  class space    used 4829K, capacity 5088K, committed 5120K, reserved 1048576K
}
Event: 7.854 GC heap before
{Heap before GC invocations=10 (full 2):
 PSYoungGen      total 134144K, used 121856K [0x00000000f5580000, 0x0000000100000000, 0x0000000100000000)
  eden space 121856K, 100% used [0x00000000f5580000,0x00000000fcc80000,0x00000000fcc80000)
  from space 12288K, 0% used [0x00000000fcc80000,0x00000000fcc80000,0x00000000fd880000)
  to   space 12288K, 0% used [0x00000000ff400000,0x00000000ff400000,0x0000000100000000)
 ParOldGen       total 175104K, used 14368K [0x00000000e0000000, 0x00000000eab00000, 0x00000000f5580000)
  object space 175104K, 8% used [0x00000000e0000000,0x00000000e0e080a8,0x00000000eab00000)
 Metaspace       used 40584K, capacity 42250K, committed 42368K, reserved 1085440K
  class space    used 5874K, capacity 6237K, committed 6272K, reserved 1048576K
Event: 7.869 GC heap after
Heap after GC invocations=10 (full 2):
 PSYoungGen      total 161280K, used 10632K [0x00000000f5580000, 0x0000000100000000, 0x0000000100000000)
  eden space 148992K, 0% used [0x00000000f5580000,0x00000000f5580000,0x00000000fe700000)
  from space 12288K, 86% used [0x00000000ff400000,0x00000000ffe62308,0x0000000100000000)
  to   space 12800K, 0% used [0x00000000fe700000,0x00000000fe700000,0x00000000ff380000)
 ParOldGen       total 175104K, used 14376K [0x00000000e0000000, 0x00000000eab00000, 0x00000000f5580000)
  object space 175104K, 8% used [0x00000000e0000000,0x00000000e0e0a0a8,0x00000000eab00000)
 Metaspace       used 40584K, capacity 42250K, committed 42368K, reserved 1085440K
  class space    used 5874K, capacity 6237K, committed 6272K, reserved 1048576K
}
Event: 10.379 GC heap before
{Heap before GC invocations=11 (full 2):
 PSYoungGen      total 161280K, used 159624K [0x00000000f5580000, 0x0000000100000000, 0x0000000100000000)
  eden space 148992K, 100% used [0x00000000f5580000,0x00000000fe700000,0x00000000fe700000)
  from space 12288K, 86% used [0x00000000ff400000,0x00000000ffe62308,0x0000000100000000)
  to   space 12800K, 0% used [0x00000000fe700000,0x00000000fe700000,0x00000000ff380000)
 ParOldGen       total 175104K, used 14376K [0x00000000e0000000, 0x00000000eab00000, 0x00000000f5580000)
  object space 175104K, 8% used [0x00000000e0000000,0x00000000e0e0a0a8,0x00000000eab00000)
 Metaspace       used 47308K, capacity 49458K, committed 49664K, reserved 1091584K
  class space    used 6848K, capacity 7353K, committed 7424K, reserved 1048576K
Event: 10.429 GC heap after
Heap after GC invocations=11 (full 2):
 PSYoungGen      total 161792K, used 12784K [0x00000000f5580000, 0x0000000100000000, 0x0000000100000000)
  eden space 148992K, 0% used [0x00000000f5580000,0x00000000f5580000,0x00000000fe700000)
  from space 12800K, 99% used [0x00000000fe700000,0x00000000ff37c070,0x00000000ff380000)
  to   space 12800K, 0% used [0x00000000ff380000,0x00000000ff380000,0x0000000100000000)
 ParOldGen       total 175104K, used 37852K [0x00000000e0000000, 0x00000000eab00000, 0x00000000f5580000)
  object space 175104K, 21% used [0x00000000e0000000,0x00000000e24f7080,0x00000000eab00000)
 Metaspace       used 47308K, capacity 49458K, committed 49664K, reserved 1091584K
  class space    used 6848K, capacity 7353K, committed 7424K, reserved 1048576K
}

Deoptimization events (10 events):
Event: 44.957 Thread 0x000001627de4d800 Uncommon trap: reason=array_check action=maybe_recompile pc=0x00000162012f0528 method=java.util.ComparableTimSort.binarySort([Ljava/lang/Object;III)V @ 193
Event: 44.957 Thread 0x000001627de4d800 Uncommon trap: reason=array_check action=maybe_recompile pc=0x00000162012f05d8 method=java.util.ComparableTimSort.binarySort([Ljava/lang/Object;III)V @ 183
Event: 44.975 Thread 0x000001627de4d800 Uncommon trap: reason=array_check action=maybe_recompile pc=0x0000016200f4f1f0 method=java.util.ComparableTimSort.binarySort([Ljava/lang/Object;III)V @ 183
Event: 45.120 Thread 0x000001627de4d800 Uncommon trap: reason=array_check action=maybe_recompile pc=0x00000162013146a0 method=java.util.ComparableTimSort.mergeHi(IIII)V @ 101
Event: 45.120 Thread 0x000001627de4d800 Uncommon trap: reason=array_check action=maybe_recompile pc=0x00000162013146a0 method=java.util.ComparableTimSort.mergeHi(IIII)V @ 101
Event: 45.120 Thread 0x000001627de4d800 Uncommon trap: reason=array_check action=maybe_recompile pc=0x00000162013146a0 method=java.util.ComparableTimSort.mergeHi(IIII)V @ 101
Event: 45.120 Thread 0x000001627de4d800 Uncommon trap: reason=array_check action=maybe_recompile pc=0x00000162013146a0 method=java.util.ComparableTimSort.mergeHi(IIII)V @ 101
Event: 45.162 Thread 0x000001627de4d800 Uncommon trap: reason=predicate action=maybe_recompile pc=0x0000016201317060 method=java.util.ComparableTimSort.mergeHi(IIII)V @ 185
Event: 45.210 Thread 0x000001627de4d800 Uncommon trap: reason=unstable_if action=reinterpret pc=0x0000016200fc513c method=java.lang.CharacterDataLatin1.isJavaIdentifierPart(I)Z @ 11
Event: 56.897 Thread 0x000001620fb42000 Uncommon trap: reason=unstable_if action=reinterpret pc=0x00000162011c041c method=java.util.ArrayDeque.addLast(Ljava/lang/Object;)V @ 45

Classes redefined (0 events):
No events

Internal exceptions (10 events):
Event: 25.380 Thread 0x000001627db7c800 Exception <a 'java/lang/NoSuchMethodError': <clinit>> (0x00000000f8ca7388) thrown at [C:\jenkins\workspace\8-2-build-windows-amd64-cygwin\jdk8u271\605\hotspot\src\share\vm\prims\jni.cpp, line 1615]
Event: 25.383 Thread 0x000001627db7c800 Exception <a 'java/lang/NoSuchMethodError': <clinit>> (0x00000000f8cb6d00) thrown at [C:\jenkins\workspace\8-2-build-windows-amd64-cygwin\jdk8u271\605\hotspot\src\share\vm\prims\jni.cpp, line 1615]
Event: 25.384 Thread 0x000001627db7c800 Exception <a 'java/lang/NoSuchMethodError': <clinit>> (0x00000000f8cb91c8) thrown at [C:\jenkins\workspace\8-2-build-windows-amd64-cygwin\jdk8u271\605\hotspot\src\share\vm\prims\jni.cpp, line 1615]
Event: 25.386 Thread 0x000001627db7c800 Exception <a 'java/lang/NoSuchMethodError': <clinit>> (0x00000000f8cc93e8) thrown at [C:\jenkins\workspace\8-2-build-windows-amd64-cygwin\jdk8u271\605\hotspot\src\share\vm\prims\jni.cpp, line 1615]
Event: 25.387 Thread 0x000001627db7c800 Exception <a 'java/lang/NoSuchMethodError': <clinit>> (0x00000000f8cd47b0) thrown at [C:\jenkins\workspace\8-2-build-windows-amd64-cygwin\jdk8u271\605\hotspot\src\share\vm\prims\jni.cpp, line 1615]
Event: 25.394 Thread 0x000001627db7c800 Exception <a 'java/lang/NoSuchMethodError': <clinit>> (0x00000000f8ce79a0) thrown at [C:\jenkins\workspace\8-2-build-windows-amd64-cygwin\jdk8u271\605\hotspot\src\share\vm\prims\jni.cpp, line 1615]
Event: 44.921 Thread 0x000001627de4d800 Exception <a 'java/io/FileNotFoundException'> (0x00000000fb30a368) thrown at [C:\jenkins\workspace\8-2-build-windows-amd64-cygwin\jdk8u271\605\hotspot\src\share\vm\prims\jni.cpp, line 710]
Event: 44.929 Thread 0x000001627de4d800 Exception <a 'java/io/FileNotFoundException'> (0x00000000fb35fa38) thrown at [C:\jenkins\workspace\8-2-build-windows-amd64-cygwin\jdk8u271\605\hotspot\src\share\vm\prims\jni.cpp, line 710]
Event: 44.994 Thread 0x000001627de4d800 Exception <a 'java/io/FileNotFoundException'> (0x00000000fb64dc80) thrown at [C:\jenkins\workspace\8-2-build-windows-amd64-cygwin\jdk8u271\605\hotspot\src\share\vm\prims\jni.cpp, line 710]
Event: 44.994 Thread 0x000001627de4d800 Exception <a 'java/io/FileNotFoundException'> (0x00000000fb64fa50) thrown at [C:\jenkins\workspace\8-2-build-windows-amd64-cygwin\jdk8u271\605\hotspot\src\share\vm\prims\jni.cpp, line 710]

Events (10 events):
Event: 46.957 Executing VM operation: RevokeBias done
Event: 46.957 Executing VM operation: RevokeBias
Event: 46.957 Executing VM operation: RevokeBias done
Event: 46.957 Executing VM operation: RevokeBias
Event: 46.958 Executing VM operation: RevokeBias done
Event: 56.897 Thread 0x000001620fb42000 Uncommon trap: trap_request=0xffffff65 fr.pc=0x00000162011c041c
Event: 56.897 Thread 0x000001620fb42000 DEOPT PACKING pc=0x00000162011c041c sp=0x0000004b5f9fe980
Event: 56.897 Thread 0x000001620fb42000 DEOPT UNPACKING pc=0x0000016200045843 sp=0x0000004b5f9fe8c0 mode 2
Event: 57.054 Thread 0x000001620fb45000 DEOPT PACKING pc=0x00000162010631bd sp=0x0000004b5effd090
Event: 57.054 Thread 0x000001620fb45000 DEOPT UNPACKING pc=0x0000016200047898 sp=0x0000004b5effcdc8 mode 0


Dynamic libraries:
0x00007ff7b2b70000 - 0x00007ff7b2bb7000 	C:\Program Files\Java\jdk1.8.0_271\bin\java.exe
0x00007ffa8cc30000 - 0x00007ffa8ce25000 	C:\WINDOWS\SYSTEM32\ntdll.dll
0x00007ffa8b670000 - 0x00007ffa8b72d000 	C:\WINDOWS\System32\KERNEL32.DLL
0x00007ffa8a980000 - 0x00007ffa8ac49000 	C:\WINDOWS\System32\KERNELBASE.dll
0x00007ffa8c000000 - 0x00007ffa8c0ac000 	C:\WINDOWS\System32\ADVAPI32.dll
0x00007ffa8c200000 - 0x00007ffa8c29e000 	C:\WINDOWS\System32\msvcrt.dll
0x00007ffa8b250000 - 0x00007ffa8b2eb000 	C:\WINDOWS\System32\sechost.dll
0x00007ffa8cab0000 - 0x00007ffa8cbda000 	C:\WINDOWS\System32\RPCRT4.dll
0x00007ffa8b450000 - 0x00007ffa8b5f0000 	C:\WINDOWS\System32\USER32.dll
0x00007ffa8a700000 - 0x00007ffa8a722000 	C:\WINDOWS\System32\win32u.dll
0x00007ffa8c0b0000 - 0x00007ffa8c0da000 	C:\WINDOWS\System32\GDI32.dll
0x00007ffa8a870000 - 0x00007ffa8a97b000 	C:\WINDOWS\System32\gdi32full.dll
0x00007ffa8a500000 - 0x00007ffa8a59d000 	C:\WINDOWS\System32\msvcp_win.dll
0x00007ffa8a5a0000 - 0x00007ffa8a6a0000 	C:\WINDOWS\System32\ucrtbase.dll
0x00007ffa89730000 - 0x00007ffa899ca000 	C:\WINDOWS\WinSxS\amd64_microsoft.windows.common-controls_6595b64144ccf1df_6.0.19041.1110_none_60b5254171f9507e\COMCTL32.dll
0x00007ffa8c1d0000 - 0x00007ffa8c200000 	C:\WINDOWS\System32\IMM32.DLL
0x00007ffa6f790000 - 0x00007ffa6f7a5000 	C:\Program Files\Java\jdk1.8.0_271\jre\bin\vcruntime140.dll
0x00007ffa48960000 - 0x00007ffa489fb000 	C:\Program Files\Java\jdk1.8.0_271\jre\bin\msvcp140.dll
0x0000000074e70000 - 0x00000000756df000 	C:\Program Files\Java\jdk1.8.0_271\jre\bin\server\jvm.dll
0x00007ffa8b5f0000 - 0x00007ffa8b5f8000 	C:\WINDOWS\System32\PSAPI.DLL
0x00007ffa886f0000 - 0x00007ffa886f9000 	C:\WINDOWS\SYSTEM32\WSOCK32.dll
0x00007ffa83520000 - 0x00007ffa8352a000 	C:\WINDOWS\SYSTEM32\VERSION.dll
0x00007ffa81670000 - 0x00007ffa81697000 	C:\WINDOWS\SYSTEM32\WINMM.dll
0x00007ffa8c0e0000 - 0x00007ffa8c14b000 	C:\WINDOWS\System32\WS2_32.dll
0x00007ffa87530000 - 0x00007ffa87542000 	C:\WINDOWS\SYSTEM32\kernel.appcore.dll
0x00007ffa7cf70000 - 0x00007ffa7cf80000 	C:\Program Files\Java\jdk1.8.0_271\jre\bin\verify.dll
0x00007ffa694e0000 - 0x00007ffa6950b000 	C:\Program Files\Java\jdk1.8.0_271\jre\bin\java.dll
0x00007ffa68ee0000 - 0x00007ffa68ef8000 	C:\Program Files\Java\jdk1.8.0_271\jre\bin\zip.dll
0x00007ffa8c370000 - 0x00007ffa8caaf000 	C:\WINDOWS\System32\SHELL32.dll
0x00007ffa877f0000 - 0x00007ffa87f81000 	C:\WINDOWS\SYSTEM32\windows.storage.dll
0x00007ffa8bc40000 - 0x00007ffa8bf95000 	C:\WINDOWS\System32\combase.dll
0x00007ffa89690000 - 0x00007ffa896bc000 	C:\WINDOWS\SYSTEM32\Wldp.dll
0x00007ffa8b730000 - 0x00007ffa8b7de000 	C:\WINDOWS\System32\SHCORE.dll
0x00007ffa8bfa0000 - 0x00007ffa8bff5000 	C:\WINDOWS\System32\shlwapi.dll
0x00007ffa8a2b0000 - 0x00007ffa8a2cf000 	C:\WINDOWS\SYSTEM32\profapi.dll
0x00007ffa660d0000 - 0x00007ffa660ec000 	C:\Program Files\Java\jdk1.8.0_271\jre\bin\net.dll
0x00007ffa893e0000 - 0x00007ffa8944a000 	C:\WINDOWS\system32\mswsock.dll
0x00007ffa660b0000 - 0x00007ffa660c3000 	C:\Program Files\Java\jdk1.8.0_271\jre\bin\nio.dll
0x00007ffa61ec0000 - 0x00007ffa61ee7000 	C:\Users\Misi\.gradle\native\c976cfcca226fdd4bee4412e95191dd41148b7504f9625baeda1d523bc39a967\windows-amd64\native-platform.dll
0x00007ffa7cdb0000 - 0x00007ffa7cdbd000 	C:\Program Files\Java\jdk1.8.0_271\jre\bin\management.dll
0x00007ffa8a030000 - 0x00007ffa8a048000 	C:\WINDOWS\SYSTEM32\CRYPTSP.dll
0x00007ffa88db0000 - 0x00007ffa88de4000 	C:\WINDOWS\system32\rsaenh.dll
0x00007ffa8a4d0000 - 0x00007ffa8a4f7000 	C:\WINDOWS\System32\bcrypt.dll
0x00007ffa8a220000 - 0x00007ffa8a24e000 	C:\WINDOWS\SYSTEM32\USERENV.dll
0x00007ffa8a7e0000 - 0x00007ffa8a863000 	C:\WINDOWS\System32\bcryptprimitives.dll
0x00007ffa89680000 - 0x00007ffa8968c000 	C:\WINDOWS\SYSTEM32\CRYPTBASE.dll
0x00007ffa890e0000 - 0x00007ffa8911b000 	C:\WINDOWS\SYSTEM32\IPHLPAPI.DLL
0x00007ffa8cbe0000 - 0x00007ffa8cbe8000 	C:\WINDOWS\System32\NSI.dll
0x00007ffa83190000 - 0x00007ffa831a7000 	C:\WINDOWS\SYSTEM32\dhcpcsvc6.DLL
0x00007ffa83610000 - 0x00007ffa8362d000 	C:\WINDOWS\SYSTEM32\dhcpcsvc.DLL
0x00007ffa89120000 - 0x00007ffa891ec000 	C:\WINDOWS\SYSTEM32\DNSAPI.dll
0x00007ffa89b00000 - 0x00007ffa89ce4000 	C:\WINDOWS\SYSTEM32\dbghelp.dll

VM Arguments:
jvm_args: -XX:MaxMetaspaceSize=256m -XX:+HeapDumpOnOutOfMemoryError -Xms256m -Xmx512m -Dfile.encoding=windows-1252 -Duser.country=US -Duser.language=en -Duser.variant 
java_command: org.gradle.launcher.daemon.bootstrap.GradleDaemon 6.3
java_class_path (initial): C:\Users\Misi\.gradle\wrapper\dists\gradle-6.3-bin\8tpu6egwsccjzp10c1jckl0rx\gradle-6.3\lib\gradle-launcher-6.3.jar
Launcher Type: SUN_STANDARD

Environment Variables:
JAVA_HOME=C:\Program Files\Java\jdk1.8.0_271
PATH=C:\Program Files (x86)\Common Files\Oracle\Java\javapath;C:\WINDOWS\system32;C:\WINDOWS;C:\WINDOWS\System32\Wbem;"C:\WINDOWS\System32\WindowsPowerShell\v1.0\;C:\Cygwin\bin";C:\WINDOWS\System32\OpenSSH\;C:\Program Files (x86)\ATI Technologies\ATI.ACE\Core-Static;C:\Program Files\Git\cmd;C:\Cygwin\bin;C:\Program Files\MySQL\MySQL Shell 8.0\bin\;C:\Program Files (x86)\Common Files\Oracle\Java\javapath;C:\WINDOWS\system32;C:\WINDOWS;C:\WINDOWS\System32\Wbem;C:\WINDOWS\System32\WindowsPowerShell\v1.0\;C:\Cygwin\bin;C:\WINDOWS\System32\OpenSSH\;C:\Program Files (x86)\ATI Technologies\ATI.ACE\Core-Static;C:\Program Files\Git\cmd;C:\Cygwin\bin;C:\Users\Misi\AppData\Local\Microsoft\WindowsApps;;C:\Users\Misi\AppData\Local\Programs\Microsoft VS Code\bin;C:\Program Files\Java\jdk1.8.0_271\bin;
USERNAME=Misi
OS=Windows_NT
PROCESSOR_IDENTIFIER=Intel64 Family 6 Model 42 Stepping 7, GenuineIntel



---------------  S Y S T E M  ---------------

OS: Windows 10.0 , 64 bit Build 19041 (10.0.19041.1023)

CPU:total 4 (initial active 4) (2 cores per cpu, 2 threads per core) family 6 model 42 stepping 7, cmov, cx8, fxsr, mmx, sse, sse2, sse3, ssse3, sse4.1, sse4.2, popcnt, avx, clmul, ht, tsc, tscinvbit

Memory: 4k page, physical 8370476k(457708k free), swap 33536300k(3144k free)

vm_info: Java HotSpot(TM) 64-Bit Server VM (25.271-b09) for windows-amd64 JRE (1.8.0_271-b09), built on Sep 16 2020 19:14:59 by "" with MS VC++ 15.9 (VS2017)

time: Thu Aug  5 01:09:46 2021
timezone: Central Europe Daylight Time
elapsed time: 57.144147 seconds (0d 0h 0m 57s)

